
===============================================================================
[FACTORY-2-PUXADA] --- Dia 1 ---
===============================================================================


===============================================================================
[FACTORY-2-PUXADA] Iniciando ordens de produção do dia com tamanho de lote = 24
===============================================================================


===============================================================================
[FACTORY-2-PUXADA] Enviando Ordem -> Linha: 1, Produto: 1, Qtd: 24
===============================================================================


===============================================================================
[FACTORY-2-PUXADA] Ouvindo o canal 'channel:factory' por atualizações de estoque...
===============================================================================


===============================================================================
[FACTORY-2-PUXADA] Enviando Ordem -> Linha: 2, Produto: 2, Qtd: 24
===============================================================================


===============================================================================
[FACTORY-2-PUXADA] Enviando Ordem -> Linha: 3, Produto: 3, Qtd: 24
===============================================================================


===============================================================================
[FACTORY-2-PUXADA] Enviando Ordem -> Linha: 4, Produto: 4, Qtd: 24
===============================================================================


===============================================================================
[FACTORY-2-PUXADA] Enviando Ordem -> Linha: 5, Produto: 5, Qtd: 24
===============================================================================


===============================================================================
[FACTORY-2-PUXADA] Enviando Ordem -> Linha: 6, Produto: 1, Qtd: 24
===============================================================================


===============================================================================
[FACTORY-2-PUXADA] Enviando Ordem -> Linha: 7, Produto: 1, Qtd: 24
===============================================================================


===============================================================================
[FACTORY-2-PUXADA] Enviando Ordem -> Linha: 8, Produto: 1, Qtd: 24
===============================================================================


===============================================================================
[FACTORY-2-PUXADA] Recebeu atualização do estoque de produtos: [820, 911, 843, 759, 916]
===============================================================================


===============================================================================
[FACTORY-2-PUXADA] Status do estoque de produtos definido como: YELLOW
===============================================================================


===============================================================================
[FACTORY-2-PUXADA] Ordem de prioridade de produção (do mais necessário para o menos): [3, 0, 2, 1, 4]
===============================================================================


===============================================================================
[FACTORY-2-PUXADA] --- Dia 2 ---
===============================================================================


===============================================================================
[FACTORY-2-PUXADA] Iniciando ordens de produção do dia com tamanho de lote = 48
===============================================================================


===============================================================================
[FACTORY-2-PUXADA] Enviando Ordem -> Linha: 1, Produto: 1, Qtd: 48
===============================================================================


===============================================================================
[FACTORY-2-PUXADA] Enviando Ordem -> Linha: 2, Produto: 2, Qtd: 48
===============================================================================


===============================================================================
[FACTORY-2-PUXADA] Enviando Ordem -> Linha: 3, Produto: 3, Qtd: 48
===============================================================================


===============================================================================
[FACTORY-2-PUXADA] Enviando Ordem -> Linha: 4, Produto: 4, Qtd: 48
===============================================================================


===============================================================================
[FACTORY-2-PUXADA] Enviando Ordem -> Linha: 5, Produto: 5, Qtd: 48
===============================================================================


===============================================================================
[FACTORY-2-PUXADA] Enviando Ordem -> Linha: 6, Produto: 4, Qtd: 48
===============================================================================


===============================================================================
[FACTORY-2-PUXADA] Enviando Ordem -> Linha: 7, Produto: 1, Qtd: 48
===============================================================================


===============================================================================
[FACTORY-2-PUXADA] Enviando Ordem -> Linha: 8, Produto: 3, Qtd: 48
===============================================================================


===============================================================================
[FACTORY-2-PUXADA] Recebeu atualização do estoque de produtos: [586, 837, 667, 693, 683]
===============================================================================


===============================================================================
[FACTORY-2-PUXADA] Status do estoque de produtos definido como: RED
===============================================================================


===============================================================================
[FACTORY-2-PUXADA] Ordem de prioridade de produção (do mais necessário para o menos): [0, 2, 4, 3, 1]
===============================================================================


===============================================================================
[FACTORY-2-PUXADA] --- Dia 3 ---
===============================================================================


===============================================================================
[FACTORY-2-PUXADA] Iniciando ordens de produção do dia com tamanho de lote = 96
===============================================================================


===============================================================================
[FACTORY-2-PUXADA] Enviando Ordem -> Linha: 1, Produto: 1, Qtd: 96
===============================================================================


===============================================================================
[FACTORY-2-PUXADA] Enviando Ordem -> Linha: 2, Produto: 2, Qtd: 96
===============================================================================


===============================================================================
[FACTORY-2-PUXADA] Enviando Ordem -> Linha: 3, Produto: 3, Qtd: 96
===============================================================================


===============================================================================
[FACTORY-2-PUXADA] Enviando Ordem -> Linha: 4, Produto: 4, Qtd: 96
===============================================================================


===============================================================================
[FACTORY-2-PUXADA] Enviando Ordem -> Linha: 5, Produto: 5, Qtd: 96
===============================================================================


===============================================================================
[FACTORY-2-PUXADA] Enviando Ordem -> Linha: 6, Produto: 1, Qtd: 96
===============================================================================


===============================================================================
[FACTORY-2-PUXADA] Enviando Ordem -> Linha: 7, Produto: 3, Qtd: 96
===============================================================================


===============================================================================
[FACTORY-2-PUXADA] Enviando Ordem -> Linha: 8, Produto: 5, Qtd: 96
===============================================================================


===============================================================================
[FACTORY-2-PUXADA] Recebeu atualização do estoque de produtos: [468, 744, 684, 604, 490]
===============================================================================


===============================================================================
[FACTORY-2-PUXADA] Status do estoque de produtos definido como: RED
===============================================================================


===============================================================================
[FACTORY-2-PUXADA] Ordem de prioridade de produção (do mais necessário para o menos): [0, 4, 3, 2, 1]
===============================================================================


===============================================================================
[FACTORY-2-PUXADA] --- Dia 4 ---
===============================================================================


===============================================================================
[FACTORY-2-PUXADA] Iniciando ordens de produção do dia com tamanho de lote = 96
===============================================================================


===============================================================================
[FACTORY-2-PUXADA] Enviando Ordem -> Linha: 1, Produto: 1, Qtd: 96
===============================================================================


===============================================================================
[FACTORY-2-PUXADA] Enviando Ordem -> Linha: 2, Produto: 2, Qtd: 96
===============================================================================


===============================================================================
[FACTORY-2-PUXADA] Enviando Ordem -> Linha: 3, Produto: 3, Qtd: 96
===============================================================================


===============================================================================
[FACTORY-2-PUXADA] Enviando Ordem -> Linha: 4, Produto: 4, Qtd: 96
===============================================================================


===============================================================================
[FACTORY-2-PUXADA] Enviando Ordem -> Linha: 5, Produto: 5, Qtd: 96
===============================================================================


===============================================================================
[FACTORY-2-PUXADA] Enviando Ordem -> Linha: 6, Produto: 1, Qtd: 96
===============================================================================


===============================================================================
[FACTORY-2-PUXADA] Enviando Ordem -> Linha: 7, Produto: 5, Qtd: 96
===============================================================================


===============================================================================
[FACTORY-2-PUXADA] Enviando Ordem -> Linha: 8, Produto: 4, Qtd: 96
===============================================================================


===============================================================================
[FACTORY-2-PUXADA] Recebeu atualização do estoque de produtos: [519, 573, 676, 580, 590]
===============================================================================


===============================================================================
[FACTORY-2-PUXADA] Status do estoque de produtos definido como: RED
===============================================================================


===============================================================================
[FACTORY-2-PUXADA] Ordem de prioridade de produção (do mais necessário para o menos): [0, 1, 3, 4, 2]
===============================================================================


===============================================================================
[FACTORY-2-PUXADA] --- Dia 5 ---
===============================================================================


===============================================================================
[FACTORY-2-PUXADA] Iniciando ordens de produção do dia com tamanho de lote = 96
===============================================================================


===============================================================================
[FACTORY-2-PUXADA] Enviando Ordem -> Linha: 1, Produto: 1, Qtd: 96
===============================================================================


===============================================================================
[FACTORY-2-PUXADA] Enviando Ordem -> Linha: 2, Produto: 2, Qtd: 96
===============================================================================


===============================================================================
[FACTORY-2-PUXADA] Enviando Ordem -> Linha: 3, Produto: 3, Qtd: 96
===============================================================================


===============================================================================
[FACTORY-2-PUXADA] Enviando Ordem -> Linha: 4, Produto: 4, Qtd: 96
===============================================================================


===============================================================================
[FACTORY-2-PUXADA] Enviando Ordem -> Linha: 5, Produto: 5, Qtd: 96
===============================================================================


===============================================================================
[FACTORY-2-PUXADA] Enviando Ordem -> Linha: 6, Produto: 1, Qtd: 96
===============================================================================


===============================================================================
[FACTORY-2-PUXADA] Enviando Ordem -> Linha: 7, Produto: 2, Qtd: 96
===============================================================================


===============================================================================
[FACTORY-2-PUXADA] Enviando Ordem -> Linha: 8, Produto: 4, Qtd: 96
===============================================================================


===============================================================================
[FACTORY-2-PUXADA] Recebeu atualização do estoque de produtos: [608, 478, 609, 747, 702]
===============================================================================


===============================================================================
[FACTORY-2-PUXADA] Status do estoque de produtos definido como: RED
===============================================================================


===============================================================================
[FACTORY-2-PUXADA] Ordem de prioridade de produção (do mais necessário para o menos): [1, 0, 2, 4, 3]
===============================================================================


===============================================================================
[FACTORY-2-PUXADA] --- Dia 6 ---
===============================================================================


===============================================================================
[FACTORY-2-PUXADA] Iniciando ordens de produção do dia com tamanho de lote = 96
===============================================================================


===============================================================================
[FACTORY-2-PUXADA] Enviando Ordem -> Linha: 1, Produto: 1, Qtd: 96
===============================================================================


===============================================================================
[FACTORY-2-PUXADA] Enviando Ordem -> Linha: 2, Produto: 2, Qtd: 96
===============================================================================


===============================================================================
[FACTORY-2-PUXADA] Enviando Ordem -> Linha: 3, Produto: 3, Qtd: 96
===============================================================================


===============================================================================
[FACTORY-2-PUXADA] Enviando Ordem -> Linha: 4, Produto: 4, Qtd: 96
===============================================================================


===============================================================================
[FACTORY-2-PUXADA] Enviando Ordem -> Linha: 5, Produto: 5, Qtd: 96
===============================================================================


===============================================================================
[FACTORY-2-PUXADA] Enviando Ordem -> Linha: 6, Produto: 2, Qtd: 96
===============================================================================


===============================================================================
[FACTORY-2-PUXADA] Enviando Ordem -> Linha: 7, Produto: 1, Qtd: 96
===============================================================================


===============================================================================
[FACTORY-2-PUXADA] Enviando Ordem -> Linha: 8, Produto: 3, Qtd: 96
===============================================================================


===============================================================================
[FACTORY-2-PUXADA] Recebeu atualização do estoque de produtos: [667, 398, 602, 871, 611]
===============================================================================


===============================================================================
[FACTORY-2-PUXADA] Status do estoque de produtos definido como: RED
===============================================================================


===============================================================================
[FACTORY-2-PUXADA] Ordem de prioridade de produção (do mais necessário para o menos): [1, 2, 4, 0, 3]
===============================================================================


===============================================================================
[FACTORY-2-PUXADA] --- Dia 7 ---
===============================================================================


===============================================================================
[FACTORY-2-PUXADA] Iniciando ordens de produção do dia com tamanho de lote = 96
===============================================================================


===============================================================================
[FACTORY-2-PUXADA] Enviando Ordem -> Linha: 1, Produto: 1, Qtd: 96
===============================================================================


===============================================================================
[FACTORY-2-PUXADA] Enviando Ordem -> Linha: 2, Produto: 2, Qtd: 96
===============================================================================


===============================================================================
[FACTORY-2-PUXADA] Enviando Ordem -> Linha: 3, Produto: 3, Qtd: 96
===============================================================================


===============================================================================
[FACTORY-2-PUXADA] Enviando Ordem -> Linha: 4, Produto: 4, Qtd: 96
===============================================================================


===============================================================================
[FACTORY-2-PUXADA] Enviando Ordem -> Linha: 5, Produto: 5, Qtd: 96
===============================================================================


===============================================================================
[FACTORY-2-PUXADA] Enviando Ordem -> Linha: 6, Produto: 2, Qtd: 96
===============================================================================


===============================================================================
[FACTORY-2-PUXADA] Enviando Ordem -> Linha: 7, Produto: 3, Qtd: 96
===============================================================================


===============================================================================
[FACTORY-2-PUXADA] Enviando Ordem -> Linha: 8, Produto: 5, Qtd: 96
===============================================================================


===============================================================================
[FACTORY-2-PUXADA] Recebeu atualização do estoque de produtos: [743, 431, 687, 906, 597]
===============================================================================


===============================================================================
[FACTORY-2-PUXADA] Status do estoque de produtos definido como: RED
===============================================================================


===============================================================================
[FACTORY-2-PUXADA] Ordem de prioridade de produção (do mais necessário para o menos): [1, 4, 2, 0, 3]
===============================================================================


===============================================================================
[FACTORY-2-PUXADA] --- Dia 8 ---
===============================================================================


===============================================================================
[FACTORY-2-PUXADA] Iniciando ordens de produção do dia com tamanho de lote = 96
===============================================================================


===============================================================================
[FACTORY-2-PUXADA] Enviando Ordem -> Linha: 1, Produto: 1, Qtd: 96
===============================================================================


===============================================================================
[FACTORY-2-PUXADA] Enviando Ordem -> Linha: 2, Produto: 2, Qtd: 96
===============================================================================


===============================================================================
[FACTORY-2-PUXADA] Enviando Ordem -> Linha: 3, Produto: 3, Qtd: 96
===============================================================================


===============================================================================
[FACTORY-2-PUXADA] Enviando Ordem -> Linha: 4, Produto: 4, Qtd: 96
===============================================================================


===============================================================================
[FACTORY-2-PUXADA] Enviando Ordem -> Linha: 5, Produto: 5, Qtd: 96
===============================================================================


===============================================================================
[FACTORY-2-PUXADA] Enviando Ordem -> Linha: 6, Produto: 2, Qtd: 96
===============================================================================


===============================================================================
[FACTORY-2-PUXADA] Enviando Ordem -> Linha: 7, Produto: 5, Qtd: 96
===============================================================================


===============================================================================
[FACTORY-2-PUXADA] Enviando Ordem -> Linha: 8, Produto: 3, Qtd: 96
===============================================================================


===============================================================================
[FACTORY-2-PUXADA] Recebeu atualização do estoque de produtos: [627, 286, 775, 891, 597]
===============================================================================


===============================================================================
[FACTORY-2-PUXADA] Status do estoque de produtos definido como: RED
===============================================================================


===============================================================================
[FACTORY-2-PUXADA] Ordem de prioridade de produção (do mais necessário para o menos): [1, 4, 0, 2, 3]
===============================================================================


===============================================================================
[FACTORY-2-PUXADA] --- Dia 9 ---
===============================================================================


===============================================================================
[FACTORY-2-PUXADA] Iniciando ordens de produção do dia com tamanho de lote = 96
===============================================================================


===============================================================================
[FACTORY-2-PUXADA] Enviando Ordem -> Linha: 1, Produto: 1, Qtd: 96
===============================================================================


===============================================================================
[FACTORY-2-PUXADA] Enviando Ordem -> Linha: 2, Produto: 2, Qtd: 96
===============================================================================


===============================================================================
[FACTORY-2-PUXADA] Enviando Ordem -> Linha: 3, Produto: 3, Qtd: 96
===============================================================================


===============================================================================
[FACTORY-2-PUXADA] Enviando Ordem -> Linha: 4, Produto: 4, Qtd: 96
===============================================================================


===============================================================================
[FACTORY-2-PUXADA] Enviando Ordem -> Linha: 5, Produto: 5, Qtd: 96
===============================================================================


===============================================================================
[FACTORY-2-PUXADA] Enviando Ordem -> Linha: 6, Produto: 2, Qtd: 96
===============================================================================


===============================================================================
[FACTORY-2-PUXADA] Enviando Ordem -> Linha: 7, Produto: 5, Qtd: 96
===============================================================================


===============================================================================
[FACTORY-2-PUXADA] Enviando Ordem -> Linha: 8, Produto: 1, Qtd: 96
===============================================================================


===============================================================================
[FACTORY-2-PUXADA] Recebeu atualização do estoque de produtos: [501, 301, 681, 939, 709]
===============================================================================


===============================================================================
[FACTORY-2-PUXADA] Status do estoque de produtos definido como: RED
===============================================================================


===============================================================================
[FACTORY-2-PUXADA] Ordem de prioridade de produção (do mais necessário para o menos): [1, 0, 2, 4, 3]
===============================================================================


===============================================================================
[FACTORY-2-PUXADA] --- Dia 10 ---
===============================================================================


===============================================================================
[FACTORY-2-PUXADA] Iniciando ordens de produção do dia com tamanho de lote = 96
===============================================================================


===============================================================================
[FACTORY-2-PUXADA] Enviando Ordem -> Linha: 1, Produto: 1, Qtd: 96
===============================================================================


===============================================================================
[FACTORY-2-PUXADA] Enviando Ordem -> Linha: 2, Produto: 2, Qtd: 96
===============================================================================


===============================================================================
[FACTORY-2-PUXADA] Enviando Ordem -> Linha: 3, Produto: 3, Qtd: 96
===============================================================================


===============================================================================
[FACTORY-2-PUXADA] Enviando Ordem -> Linha: 4, Produto: 4, Qtd: 96
===============================================================================


===============================================================================
[FACTORY-2-PUXADA] Enviando Ordem -> Linha: 5, Produto: 5, Qtd: 96
===============================================================================


===============================================================================
[FACTORY-2-PUXADA] Enviando Ordem -> Linha: 6, Produto: 2, Qtd: 96
===============================================================================


===============================================================================
[FACTORY-2-PUXADA] Enviando Ordem -> Linha: 7, Produto: 1, Qtd: 96
===============================================================================


===============================================================================
[FACTORY-2-PUXADA] Enviando Ordem -> Linha: 8, Produto: 3, Qtd: 96
===============================================================================


===============================================================================
[FACTORY-2-PUXADA] Recebeu atualização do estoque de produtos: [458, 320, 666, 973, 652]
===============================================================================


===============================================================================
[FACTORY-2-PUXADA] Status do estoque de produtos definido como: RED
===============================================================================


===============================================================================
[FACTORY-2-PUXADA] Ordem de prioridade de produção (do mais necessário para o menos): [1, 0, 4, 2, 3]
===============================================================================


===============================================================================
[FACTORY-2-PUXADA] --- Dia 11 ---
===============================================================================


===============================================================================
[FACTORY-2-PUXADA] Iniciando ordens de produção do dia com tamanho de lote = 96
===============================================================================


===============================================================================
[FACTORY-2-PUXADA] Enviando Ordem -> Linha: 1, Produto: 1, Qtd: 96
===============================================================================


===============================================================================
[FACTORY-2-PUXADA] Enviando Ordem -> Linha: 2, Produto: 2, Qtd: 96
===============================================================================


===============================================================================
[FACTORY-2-PUXADA] Enviando Ordem -> Linha: 3, Produto: 3, Qtd: 96
===============================================================================


===============================================================================
[FACTORY-2-PUXADA] Enviando Ordem -> Linha: 4, Produto: 4, Qtd: 96
===============================================================================


===============================================================================
[FACTORY-2-PUXADA] Enviando Ordem -> Linha: 5, Produto: 5, Qtd: 96
===============================================================================


===============================================================================
[FACTORY-2-PUXADA] Enviando Ordem -> Linha: 6, Produto: 2, Qtd: 96
===============================================================================


===============================================================================
[FACTORY-2-PUXADA] Enviando Ordem -> Linha: 7, Produto: 1, Qtd: 96
===============================================================================


===============================================================================
[FACTORY-2-PUXADA] Enviando Ordem -> Linha: 8, Produto: 5, Qtd: 96
===============================================================================


===============================================================================
[FACTORY-2-PUXADA] Recebeu atualização do estoque de produtos: [380, 169, 658, 1019, 499]
===============================================================================


===============================================================================
[FACTORY-2-PUXADA] Status do estoque de produtos definido como: RED
===============================================================================


===============================================================================
[FACTORY-2-PUXADA] Ordem de prioridade de produção (do mais necessário para o menos): [1, 0, 4, 2, 3]
===============================================================================


===============================================================================
[FACTORY-2-PUXADA] --- Dia 12 ---
===============================================================================


===============================================================================
[FACTORY-2-PUXADA] Iniciando ordens de produção do dia com tamanho de lote = 96
===============================================================================


===============================================================================
[FACTORY-2-PUXADA] Enviando Ordem -> Linha: 1, Produto: 1, Qtd: 96
===============================================================================


===============================================================================
[FACTORY-2-PUXADA] Enviando Ordem -> Linha: 2, Produto: 2, Qtd: 96
===============================================================================


===============================================================================
[FACTORY-2-PUXADA] Enviando Ordem -> Linha: 3, Produto: 3, Qtd: 96
===============================================================================


===============================================================================
[FACTORY-2-PUXADA] Enviando Ordem -> Linha: 4, Produto: 4, Qtd: 96
===============================================================================


===============================================================================
[FACTORY-2-PUXADA] Enviando Ordem -> Linha: 5, Produto: 5, Qtd: 96
===============================================================================


===============================================================================
[FACTORY-2-PUXADA] Enviando Ordem -> Linha: 6, Produto: 2, Qtd: 96
===============================================================================


===============================================================================
[FACTORY-2-PUXADA] Enviando Ordem -> Linha: 7, Produto: 1, Qtd: 96
===============================================================================


===============================================================================
[FACTORY-2-PUXADA] Enviando Ordem -> Linha: 8, Produto: 5, Qtd: 96
===============================================================================


===============================================================================
[FACTORY-2-PUXADA] Recebeu atualização do estoque de produtos: [493, 235, 594, 1163, 650]
===============================================================================


===============================================================================
[FACTORY-2-PUXADA] Status do estoque de produtos definido como: RED
===============================================================================


===============================================================================
[FACTORY-2-PUXADA] Ordem de prioridade de produção (do mais necessário para o menos): [1, 0, 2, 4, 3]
===============================================================================


===============================================================================
[FACTORY-2-PUXADA] --- Dia 13 ---
===============================================================================


===============================================================================
[FACTORY-2-PUXADA] Iniciando ordens de produção do dia com tamanho de lote = 96
===============================================================================


===============================================================================
[FACTORY-2-PUXADA] Enviando Ordem -> Linha: 1, Produto: 1, Qtd: 96
===============================================================================


===============================================================================
[FACTORY-2-PUXADA] Enviando Ordem -> Linha: 2, Produto: 2, Qtd: 96
===============================================================================


===============================================================================
[FACTORY-2-PUXADA] Enviando Ordem -> Linha: 3, Produto: 3, Qtd: 96
===============================================================================


===============================================================================
[FACTORY-2-PUXADA] Enviando Ordem -> Linha: 4, Produto: 4, Qtd: 96
===============================================================================


===============================================================================
[FACTORY-2-PUXADA] Enviando Ordem -> Linha: 5, Produto: 5, Qtd: 96
===============================================================================


===============================================================================
[FACTORY-2-PUXADA] Enviando Ordem -> Linha: 6, Produto: 2, Qtd: 96
===============================================================================


===============================================================================
[FACTORY-2-PUXADA] Enviando Ordem -> Linha: 7, Produto: 1, Qtd: 96
===============================================================================


===============================================================================
[FACTORY-2-PUXADA] Enviando Ordem -> Linha: 8, Produto: 3, Qtd: 96
===============================================================================


===============================================================================
[FACTORY-2-PUXADA] Recebeu atualização do estoque de produtos: [357, 5, 353, 1083, 541]
===============================================================================


===============================================================================
[FACTORY-2-PUXADA] Status do estoque de produtos definido como: RED
===============================================================================


===============================================================================
[FACTORY-2-PUXADA] Ordem de prioridade de produção (do mais necessário para o menos): [1, 2, 0, 4, 3]
===============================================================================


===============================================================================
[FACTORY-2-PUXADA] --- Dia 14 ---
===============================================================================


===============================================================================
[FACTORY-2-PUXADA] Iniciando ordens de produção do dia com tamanho de lote = 96
===============================================================================


===============================================================================
[FACTORY-2-PUXADA] Enviando Ordem -> Linha: 1, Produto: 1, Qtd: 96
===============================================================================


===============================================================================
[FACTORY-2-PUXADA] Enviando Ordem -> Linha: 2, Produto: 2, Qtd: 96
===============================================================================


===============================================================================
[FACTORY-2-PUXADA] Enviando Ordem -> Linha: 3, Produto: 3, Qtd: 96
===============================================================================


===============================================================================
[FACTORY-2-PUXADA] Enviando Ordem -> Linha: 4, Produto: 4, Qtd: 96
===============================================================================


===============================================================================
[FACTORY-2-PUXADA] Enviando Ordem -> Linha: 5, Produto: 5, Qtd: 96
===============================================================================


===============================================================================
[FACTORY-2-PUXADA] Enviando Ordem -> Linha: 6, Produto: 2, Qtd: 96
===============================================================================


===============================================================================
[FACTORY-2-PUXADA] Enviando Ordem -> Linha: 7, Produto: 3, Qtd: 96
===============================================================================


===============================================================================
[FACTORY-2-PUXADA] Enviando Ordem -> Linha: 8, Produto: 1, Qtd: 96
===============================================================================


===============================================================================
[FACTORY-2-PUXADA] Recebeu atualização do estoque de produtos: [446, 197, 534, 1254, 662]
===============================================================================


===============================================================================
[FACTORY-2-PUXADA] Status do estoque de produtos definido como: RED
===============================================================================


===============================================================================
[FACTORY-2-PUXADA] Ordem de prioridade de produção (do mais necessário para o menos): [1, 0, 2, 4, 3]
===============================================================================


===============================================================================
[FACTORY-2-PUXADA] --- Dia 15 ---
===============================================================================


===============================================================================
[FACTORY-2-PUXADA] Iniciando ordens de produção do dia com tamanho de lote = 96
===============================================================================


===============================================================================
[FACTORY-2-PUXADA] Enviando Ordem -> Linha: 1, Produto: 1, Qtd: 96
===============================================================================


===============================================================================
[FACTORY-2-PUXADA] Enviando Ordem -> Linha: 2, Produto: 2, Qtd: 96
===============================================================================


===============================================================================
[FACTORY-2-PUXADA] Enviando Ordem -> Linha: 3, Produto: 3, Qtd: 96
===============================================================================


===============================================================================
[FACTORY-2-PUXADA] Enviando Ordem -> Linha: 4, Produto: 4, Qtd: 96
===============================================================================


===============================================================================
[FACTORY-2-PUXADA] Enviando Ordem -> Linha: 5, Produto: 5, Qtd: 96
===============================================================================


===============================================================================
[FACTORY-2-PUXADA] Enviando Ordem -> Linha: 6, Produto: 2, Qtd: 96
===============================================================================


===============================================================================
[FACTORY-2-PUXADA] Enviando Ordem -> Linha: 7, Produto: 1, Qtd: 96
===============================================================================


===============================================================================
[FACTORY-2-PUXADA] Enviando Ordem -> Linha: 8, Produto: 3, Qtd: 96
===============================================================================


===============================================================================
[FACTORY-2-PUXADA] Recebeu atualização do estoque de produtos: [454, 226, 451, 1304, 674]
===============================================================================


===============================================================================
[FACTORY-2-PUXADA] Status do estoque de produtos definido como: RED
===============================================================================


===============================================================================
[FACTORY-2-PUXADA] Ordem de prioridade de produção (do mais necessário para o menos): [1, 2, 0, 4, 3]
===============================================================================


===============================================================================
[FACTORY-2-PUXADA] --- Dia 16 ---
===============================================================================


===============================================================================
[FACTORY-2-PUXADA] Iniciando ordens de produção do dia com tamanho de lote = 96
===============================================================================


===============================================================================
[FACTORY-2-PUXADA] Enviando Ordem -> Linha: 1, Produto: 1, Qtd: 96
===============================================================================


===============================================================================
[FACTORY-2-PUXADA] Enviando Ordem -> Linha: 2, Produto: 2, Qtd: 96
===============================================================================


===============================================================================
[FACTORY-2-PUXADA] Enviando Ordem -> Linha: 3, Produto: 3, Qtd: 96
===============================================================================


===============================================================================
[FACTORY-2-PUXADA] Enviando Ordem -> Linha: 4, Produto: 4, Qtd: 96
===============================================================================


===============================================================================
[FACTORY-2-PUXADA] Enviando Ordem -> Linha: 5, Produto: 5, Qtd: 96
===============================================================================


===============================================================================
[FACTORY-2-PUXADA] Enviando Ordem -> Linha: 6, Produto: 2, Qtd: 96
===============================================================================


===============================================================================
[FACTORY-2-PUXADA] Enviando Ordem -> Linha: 7, Produto: 3, Qtd: 96
===============================================================================


===============================================================================
[FACTORY-2-PUXADA] Enviando Ordem -> Linha: 8, Produto: 1, Qtd: 96
===============================================================================


===============================================================================
[FACTORY-2-PUXADA] Recebeu atualização do estoque de produtos: [453, 228, 426, 1388, 472]
===============================================================================


===============================================================================
[FACTORY-2-PUXADA] Status do estoque de produtos definido como: RED
===============================================================================


===============================================================================
[FACTORY-2-PUXADA] Ordem de prioridade de produção (do mais necessário para o menos): [1, 2, 0, 4, 3]
===============================================================================


===============================================================================
[FACTORY-2-PUXADA] --- Dia 17 ---
===============================================================================


===============================================================================
[FACTORY-2-PUXADA] Iniciando ordens de produção do dia com tamanho de lote = 96
===============================================================================


===============================================================================
[FACTORY-2-PUXADA] Enviando Ordem -> Linha: 1, Produto: 1, Qtd: 96
===============================================================================


===============================================================================
[FACTORY-2-PUXADA] Enviando Ordem -> Linha: 2, Produto: 2, Qtd: 96
===============================================================================


===============================================================================
[FACTORY-2-PUXADA] Enviando Ordem -> Linha: 3, Produto: 3, Qtd: 96
===============================================================================


===============================================================================
[FACTORY-2-PUXADA] Enviando Ordem -> Linha: 4, Produto: 4, Qtd: 96
===============================================================================


===============================================================================
[FACTORY-2-PUXADA] Enviando Ordem -> Linha: 5, Produto: 5, Qtd: 96
===============================================================================


===============================================================================
[FACTORY-2-PUXADA] Enviando Ordem -> Linha: 6, Produto: 2, Qtd: 96
===============================================================================


===============================================================================
[FACTORY-2-PUXADA] Enviando Ordem -> Linha: 7, Produto: 3, Qtd: 96
===============================================================================


===============================================================================
[FACTORY-2-PUXADA] Enviando Ordem -> Linha: 8, Produto: 1, Qtd: 96
===============================================================================


===============================================================================
[FACTORY-2-PUXADA] Recebeu atualização do estoque de produtos: [266, 161, 307, 1210, 426]
===============================================================================


===============================================================================
[FACTORY-2-PUXADA] Status do estoque de produtos definido como: RED
===============================================================================


===============================================================================
[FACTORY-2-PUXADA] Ordem de prioridade de produção (do mais necessário para o menos): [1, 0, 2, 4, 3]
===============================================================================


===============================================================================
[FACTORY-2-PUXADA] --- Dia 18 ---
===============================================================================


===============================================================================
[FACTORY-2-PUXADA] Iniciando ordens de produção do dia com tamanho de lote = 96
===============================================================================


===============================================================================
[FACTORY-2-PUXADA] Enviando Ordem -> Linha: 1, Produto: 1, Qtd: 96
===============================================================================


===============================================================================
[FACTORY-2-PUXADA] Enviando Ordem -> Linha: 2, Produto: 2, Qtd: 96
===============================================================================


===============================================================================
[FACTORY-2-PUXADA] Enviando Ordem -> Linha: 3, Produto: 3, Qtd: 96
===============================================================================


===============================================================================
[FACTORY-2-PUXADA] Enviando Ordem -> Linha: 4, Produto: 4, Qtd: 96
===============================================================================


===============================================================================
[FACTORY-2-PUXADA] Enviando Ordem -> Linha: 5, Produto: 5, Qtd: 96
===============================================================================


===============================================================================
[FACTORY-2-PUXADA] Enviando Ordem -> Linha: 6, Produto: 2, Qtd: 96
===============================================================================


===============================================================================
[FACTORY-2-PUXADA] Enviando Ordem -> Linha: 7, Produto: 1, Qtd: 96
===============================================================================


===============================================================================
[FACTORY-2-PUXADA] Enviando Ordem -> Linha: 8, Produto: 3, Qtd: 96
===============================================================================


===============================================================================
[FACTORY-2-PUXADA] Recebeu atualização do estoque de produtos: [168, 165, 217, 1270, 339]
===============================================================================


===============================================================================
[FACTORY-2-PUXADA] Status do estoque de produtos definido como: RED
===============================================================================


===============================================================================
[FACTORY-2-PUXADA] Ordem de prioridade de produção (do mais necessário para o menos): [1, 0, 2, 4, 3]
===============================================================================


===============================================================================
[FACTORY-2-PUXADA] --- Dia 19 ---
===============================================================================


===============================================================================
[FACTORY-2-PUXADA] Iniciando ordens de produção do dia com tamanho de lote = 96
===============================================================================


===============================================================================
[FACTORY-2-PUXADA] Enviando Ordem -> Linha: 1, Produto: 1, Qtd: 96
===============================================================================


===============================================================================
[FACTORY-2-PUXADA] Enviando Ordem -> Linha: 2, Produto: 2, Qtd: 96
===============================================================================


===============================================================================
[FACTORY-2-PUXADA] Enviando Ordem -> Linha: 3, Produto: 3, Qtd: 96
===============================================================================


===============================================================================
[FACTORY-2-PUXADA] Enviando Ordem -> Linha: 4, Produto: 4, Qtd: 96
===============================================================================


===============================================================================
[FACTORY-2-PUXADA] Enviando Ordem -> Linha: 5, Produto: 5, Qtd: 96
===============================================================================


===============================================================================
[FACTORY-2-PUXADA] Enviando Ordem -> Linha: 6, Produto: 2, Qtd: 96
===============================================================================


===============================================================================
[FACTORY-2-PUXADA] Enviando Ordem -> Linha: 7, Produto: 1, Qtd: 96
===============================================================================


===============================================================================
[FACTORY-2-PUXADA] Enviando Ordem -> Linha: 8, Produto: 3, Qtd: 96
===============================================================================

