
===============================================================================
[LINE-1-2] --- Dia 1 ---
===============================================================================


===============================================================================
[LINE-1-2] Ouvindo o canal 'channel:line'...
===============================================================================


===============================================================================
[LINE-1-2] Status do buffer de peças: RED
===============================================================================


===============================================================================
[LINE-1-2] !!! ENVIANDO MENSAGEM para 'channel:warehouse': 2/1/send_parts/1;1;1;1;1;1;1;1;1;1;1;1;1;1;1;1;1;1;1;1;1;1;1;1;1;1;1;1;1;1;1;1;1;1;1;1;1;1;1;1;1;1;1;1;1;1;1;1;1;1;1;1;1;1;1;1;1;1;1;1;1;1;1;1;1;1;1;1;1;1;1;1;1;1;1;1;1;1;1;1;1;1;1;1;1;1;1;1;1;1;1;1;1;1;1;1;1;1;1;1
===============================================================================


===============================================================================
[LINE-1-2] Recebida ordem de produção para 48 unids do produto 2.
===============================================================================


===============================================================================
[LINE-1-2] QUEBRA DE LINHA! Faltam peças do KIT BASE (Peça 0) para produzir 48 unids.
===============================================================================


===============================================================================
[LINE-1-2] --- Dia 2 ---
===============================================================================


===============================================================================
[LINE-1-2] Recebida ordem de produção para 48 unids do produto 2.
===============================================================================


===============================================================================
[LINE-1-2] QUEBRA DE LINHA! Faltam peças do KIT BASE (Peça 0) para produzir 48 unids.
===============================================================================


===============================================================================
[LINE-1-2] --- Dia 3 ---
===============================================================================


===============================================================================
[LINE-1-2] Recebida ordem de produção para 48 unids do produto 2.
===============================================================================


===============================================================================
[LINE-1-2] QUEBRA DE LINHA! Faltam peças do KIT BASE (Peça 0) para produzir 48 unids.
===============================================================================


===============================================================================
[LINE-1-2] --- Dia 4 ---
===============================================================================


===============================================================================
[LINE-1-2] Recebida ordem de produção para 48 unids do produto 2.
===============================================================================


===============================================================================
[LINE-1-2] QUEBRA DE LINHA! Faltam peças do KIT BASE (Peça 0) para produzir 48 unids.
===============================================================================


===============================================================================
[LINE-1-2] --- Dia 5 ---
===============================================================================


===============================================================================
[LINE-1-2] Recebida ordem de produção para 48 unids do produto 2.
===============================================================================


===============================================================================
[LINE-1-2] QUEBRA DE LINHA! Faltam peças do KIT BASE (Peça 0) para produzir 48 unids.
===============================================================================


===============================================================================
[LINE-1-2] --- Dia 6 ---
===============================================================================


===============================================================================
[LINE-1-2] Recebida ordem de produção para 48 unids do produto 2.
===============================================================================


===============================================================================
[LINE-1-2] QUEBRA DE LINHA! Faltam peças do KIT BASE (Peça 0) para produzir 48 unids.
===============================================================================


===============================================================================
[LINE-1-2] --- Dia 7 ---
===============================================================================


===============================================================================
[LINE-1-2] Recebida ordem de produção para 48 unids do produto 2.
===============================================================================


===============================================================================
[LINE-1-2] QUEBRA DE LINHA! Faltam peças do KIT BASE (Peça 0) para produzir 48 unids.
===============================================================================


===============================================================================
[LINE-1-2] --- Dia 8 ---
===============================================================================


===============================================================================
[LINE-1-2] Recebida ordem de produção para 48 unids do produto 2.
===============================================================================


===============================================================================
[LINE-1-2] QUEBRA DE LINHA! Faltam peças do KIT BASE (Peça 0) para produzir 48 unids.
===============================================================================


===============================================================================
[LINE-1-2] --- Dia 9 ---
===============================================================================


===============================================================================
[LINE-1-2] Recebida ordem de produção para 48 unids do produto 2.
===============================================================================


===============================================================================
[LINE-1-2] QUEBRA DE LINHA! Faltam peças do KIT BASE (Peça 0) para produzir 48 unids.
===============================================================================


===============================================================================
[LINE-1-2] --- Dia 10 ---
===============================================================================


===============================================================================
[LINE-1-2] Recebida ordem de produção para 48 unids do produto 2.
===============================================================================


===============================================================================
[LINE-1-2] QUEBRA DE LINHA! Faltam peças do KIT BASE (Peça 0) para produzir 48 unids.
===============================================================================


===============================================================================
[LINE-1-2] --- Dia 11 ---
===============================================================================


===============================================================================
[LINE-1-2] Recebida ordem de produção para 48 unids do produto 2.
===============================================================================


===============================================================================
[LINE-1-2] QUEBRA DE LINHA! Faltam peças do KIT BASE (Peça 0) para produzir 48 unids.
===============================================================================

