
===============================================================================
[LINE-1-4] --- Dia 1 ---
===============================================================================


===============================================================================
[LINE-1-4] Ouvindo o canal 'channel:line'...
===============================================================================


===============================================================================
[LINE-1-4] Recebida ordem de produção para 48 unids do produto 4.
===============================================================================


===============================================================================
[LINE-1-4] QUEBRA DE LINHA! Faltam peças do KIT BASE (Peça 0) para produzir 48 unids.
===============================================================================


===============================================================================
[LINE-1-4] Status do buffer de peças: RED
===============================================================================


===============================================================================
[LINE-1-4] !!! ENVIANDO MENSAGEM para 'channel:warehouse': 4/1/send_parts/1;1;1;1;1;1;1;1;1;1;1;1;1;1;1;1;1;1;1;1;1;1;1;1;1;1;1;1;1;1;1;1;1;1;1;1;1;1;1;1;1;1;1;1;1;1;1;1;1;1;1;1;1;1;1;1;1;1;1;1;1;1;1;1;1;1;1;1;1;1;1;1;1;1;1;1;1;1;1;1;1;1;1;1;1;1;1;1;1;1;1;1;1;1;1;1;1;1;1;1
===============================================================================


===============================================================================
[LINE-1-4] Recebendo lote de peças do Almoxarifado.
===============================================================================


===============================================================================
[LINE-1-4] Estoque da linha reabastecido.
===============================================================================


===============================================================================
[LINE-1-4] Recebida ordem de produção para 48 unids do produto 4.
===============================================================================


===============================================================================
[LINE-1-4] --- Dia 2 ---
===============================================================================


===============================================================================
[LINE-1-4] SUCESSO: Produziu 48 unids do produto 4. Notificando estoque.
===============================================================================


===============================================================================
[LINE-1-4] Status do buffer de peças: GREEN
===============================================================================


===============================================================================
[LINE-1-4] Recebida ordem de produção para 48 unids do produto 4.
===============================================================================


===============================================================================
[LINE-1-4] --- Dia 3 ---
===============================================================================


===============================================================================
[LINE-1-4] SUCESSO: Produziu 48 unids do produto 4. Notificando estoque.
===============================================================================


===============================================================================
[LINE-1-4] Status do buffer de peças: GREEN
===============================================================================


===============================================================================
[LINE-1-4] Recebida ordem de produção para 48 unids do produto 4.
===============================================================================


===============================================================================
[LINE-1-4] SUCESSO: Produziu 48 unids do produto 4. Notificando estoque.
===============================================================================


===============================================================================
[LINE-1-4] --- Dia 4 ---
===============================================================================


===============================================================================
[LINE-1-4] Status do buffer de peças: GREEN
===============================================================================


===============================================================================
[LINE-1-4] Recebida ordem de produção para 48 unids do produto 4.
===============================================================================


===============================================================================
[LINE-1-4] SUCESSO: Produziu 48 unids do produto 4. Notificando estoque.
===============================================================================


===============================================================================
[LINE-1-4] --- Dia 5 ---
===============================================================================


===============================================================================
[LINE-1-4] Status do buffer de peças: GREEN
===============================================================================


===============================================================================
[LINE-1-4] Recebida ordem de produção para 48 unids do produto 4.
===============================================================================


===============================================================================
[LINE-1-4] SUCESSO: Produziu 48 unids do produto 4. Notificando estoque.
===============================================================================


===============================================================================
[LINE-1-4] --- Dia 6 ---
===============================================================================


===============================================================================
[LINE-1-4] Status do buffer de peças: GREEN
===============================================================================


===============================================================================
[LINE-1-4] Recebida ordem de produção para 48 unids do produto 4.
===============================================================================


===============================================================================
[LINE-1-4] SUCESSO: Produziu 48 unids do produto 4. Notificando estoque.
===============================================================================


===============================================================================
[LINE-1-4] --- Dia 7 ---
===============================================================================


===============================================================================
[LINE-1-4] Status do buffer de peças: GREEN
===============================================================================


===============================================================================
[LINE-1-4] Recebida ordem de produção para 48 unids do produto 4.
===============================================================================


===============================================================================
[LINE-1-4] SUCESSO: Produziu 48 unids do produto 4. Notificando estoque.
===============================================================================


===============================================================================
[LINE-1-4] --- Dia 8 ---
===============================================================================


===============================================================================
[LINE-1-4] Status do buffer de peças: GREEN
===============================================================================


===============================================================================
[LINE-1-4] Recebida ordem de produção para 48 unids do produto 4.
===============================================================================


===============================================================================
[LINE-1-4] SUCESSO: Produziu 48 unids do produto 4. Notificando estoque.
===============================================================================


===============================================================================
[LINE-1-4] --- Dia 9 ---
===============================================================================


===============================================================================
[LINE-1-4] Status do buffer de peças: GREEN
===============================================================================


===============================================================================
[LINE-1-4] Recebida ordem de produção para 48 unids do produto 4.
===============================================================================


===============================================================================
[LINE-1-4] SUCESSO: Produziu 48 unids do produto 4. Notificando estoque.
===============================================================================


===============================================================================
[LINE-1-4] --- Dia 10 ---
===============================================================================


===============================================================================
[LINE-1-4] Status do buffer de peças: GREEN
===============================================================================


===============================================================================
[LINE-1-4] Recebida ordem de produção para 48 unids do produto 4.
===============================================================================


===============================================================================
[LINE-1-4] SUCESSO: Produziu 48 unids do produto 4. Notificando estoque.
===============================================================================


===============================================================================
[LINE-1-4] --- Dia 11 ---
===============================================================================


===============================================================================
[LINE-1-4] Status do buffer de peças: GREEN
===============================================================================


===============================================================================
[LINE-1-4] Recebida ordem de produção para 48 unids do produto 4.
===============================================================================


===============================================================================
[LINE-1-4] SUCESSO: Produziu 48 unids do produto 4. Notificando estoque.
===============================================================================


===============================================================================
[LINE-1-4] --- Dia 12 ---
===============================================================================


===============================================================================
[LINE-1-4] Status do buffer de peças: GREEN
===============================================================================


===============================================================================
[LINE-1-4] Recebida ordem de produção para 48 unids do produto 4.
===============================================================================


===============================================================================
[LINE-1-4] SUCESSO: Produziu 48 unids do produto 4. Notificando estoque.
===============================================================================


===============================================================================
[LINE-1-4] --- Dia 13 ---
===============================================================================


===============================================================================
[LINE-1-4] Status do buffer de peças: GREEN
===============================================================================


===============================================================================
[LINE-1-4] Recebida ordem de produção para 48 unids do produto 4.
===============================================================================


===============================================================================
[LINE-1-4] SUCESSO: Produziu 48 unids do produto 4. Notificando estoque.
===============================================================================


===============================================================================
[LINE-1-4] --- Dia 14 ---
===============================================================================


===============================================================================
[LINE-1-4] Status do buffer de peças: GREEN
===============================================================================


===============================================================================
[LINE-1-4] Recebida ordem de produção para 48 unids do produto 4.
===============================================================================


===============================================================================
[LINE-1-4] SUCESSO: Produziu 48 unids do produto 4. Notificando estoque.
===============================================================================


===============================================================================
[LINE-1-4] --- Dia 15 ---
===============================================================================


===============================================================================
[LINE-1-4] Status do buffer de peças: GREEN
===============================================================================


===============================================================================
[LINE-1-4] Recebida ordem de produção para 48 unids do produto 4.
===============================================================================


===============================================================================
[LINE-1-4] SUCESSO: Produziu 48 unids do produto 4. Notificando estoque.
===============================================================================


===============================================================================
[LINE-1-4] --- Dia 16 ---
===============================================================================


===============================================================================
[LINE-1-4] Status do buffer de peças: GREEN
===============================================================================


===============================================================================
[LINE-1-4] Recebida ordem de produção para 48 unids do produto 4.
===============================================================================


===============================================================================
[LINE-1-4] SUCESSO: Produziu 48 unids do produto 4. Notificando estoque.
===============================================================================


===============================================================================
[LINE-1-4] --- Dia 17 ---
===============================================================================


===============================================================================
[LINE-1-4] Status do buffer de peças: GREEN
===============================================================================


===============================================================================
[LINE-1-4] Recebida ordem de produção para 48 unids do produto 4.
===============================================================================


===============================================================================
[LINE-1-4] SUCESSO: Produziu 48 unids do produto 4. Notificando estoque.
===============================================================================


===============================================================================
[LINE-1-4] --- Dia 18 ---
===============================================================================

