
===============================================================================
[LINE-2-3] --- Dia 1 ---
===============================================================================


===============================================================================
[LINE-2-3] Ouvindo o canal 'channel:line'...
===============================================================================


===============================================================================
[LINE-2-3] Status do buffer de peças: RED
===============================================================================


===============================================================================
[LINE-2-3] !!! ENVIANDO MENSAGEM para 'channel:warehouse': 3/2/send_parts/1;1;1;1;1;1;1;1;1;1;1;1;1;1;1;1;1;1;1;1;1;1;1;1;1;1;1;1;1;1;1;1;1;1;1;1;1;1;1;1;1;1;1;1;1;1;1;1;1;1;1;1;1;1;1;1;1;1;1;1;1;1;1;1;1;1;1;1;1;1;1;1;1;1;1;1;1;1;1;1;1;1;1;1;1;1;1;1;1;1;1;1;1;1;1;1;1;1;1;1
===============================================================================


===============================================================================
[LINE-2-3] Recebida ordem de produção para 24 unids do produto 3.
===============================================================================


===============================================================================
[LINE-2-3] QUEBRA DE LINHA! Faltam peças do KIT BASE (Peça 0) para produzir 24 unids.
===============================================================================


===============================================================================
[LINE-2-3] --- Dia 2 ---
===============================================================================


===============================================================================
[LINE-2-3] Recebida ordem de produção para 48 unids do produto 3.
===============================================================================


===============================================================================
[LINE-2-3] QUEBRA DE LINHA! Faltam peças do KIT BASE (Peça 0) para produzir 48 unids.
===============================================================================


===============================================================================
[LINE-2-3] --- Dia 3 ---
===============================================================================


===============================================================================
[LINE-2-3] Recebida ordem de produção para 96 unids do produto 3.
===============================================================================


===============================================================================
[LINE-2-3] QUEBRA DE LINHA! Faltam peças do KIT BASE (Peça 0) para produzir 96 unids.
===============================================================================


===============================================================================
[LINE-2-3] --- Dia 4 ---
===============================================================================


===============================================================================
[LINE-2-3] Recebida ordem de produção para 96 unids do produto 3.
===============================================================================


===============================================================================
[LINE-2-3] QUEBRA DE LINHA! Faltam peças do KIT BASE (Peça 0) para produzir 96 unids.
===============================================================================


===============================================================================
[LINE-2-3] --- Dia 5 ---
===============================================================================


===============================================================================
[LINE-2-3] Recebida ordem de produção para 96 unids do produto 3.
===============================================================================


===============================================================================
[LINE-2-3] QUEBRA DE LINHA! Faltam peças do KIT BASE (Peça 0) para produzir 96 unids.
===============================================================================


===============================================================================
[LINE-2-3] --- Dia 6 ---
===============================================================================


===============================================================================
[LINE-2-3] Recebida ordem de produção para 96 unids do produto 3.
===============================================================================


===============================================================================
[LINE-2-3] QUEBRA DE LINHA! Faltam peças do KIT BASE (Peça 0) para produzir 96 unids.
===============================================================================


===============================================================================
[LINE-2-3] --- Dia 7 ---
===============================================================================


===============================================================================
[LINE-2-3] Recebida ordem de produção para 96 unids do produto 3.
===============================================================================


===============================================================================
[LINE-2-3] QUEBRA DE LINHA! Faltam peças do KIT BASE (Peça 0) para produzir 96 unids.
===============================================================================


===============================================================================
[LINE-2-3] --- Dia 8 ---
===============================================================================


===============================================================================
[LINE-2-3] Recebida ordem de produção para 96 unids do produto 3.
===============================================================================


===============================================================================
[LINE-2-3] QUEBRA DE LINHA! Faltam peças do KIT BASE (Peça 0) para produzir 96 unids.
===============================================================================


===============================================================================
[LINE-2-3] --- Dia 9 ---
===============================================================================


===============================================================================
[LINE-2-3] Recebida ordem de produção para 96 unids do produto 3.
===============================================================================


===============================================================================
[LINE-2-3] QUEBRA DE LINHA! Faltam peças do KIT BASE (Peça 0) para produzir 96 unids.
===============================================================================


===============================================================================
[LINE-2-3] --- Dia 10 ---
===============================================================================


===============================================================================
[LINE-2-3] Recebida ordem de produção para 96 unids do produto 3.
===============================================================================


===============================================================================
[LINE-2-3] QUEBRA DE LINHA! Faltam peças do KIT BASE (Peça 0) para produzir 96 unids.
===============================================================================


===============================================================================
[LINE-2-3] --- Dia 11 ---
===============================================================================


===============================================================================
[LINE-2-3] Recebida ordem de produção para 96 unids do produto 3.
===============================================================================


===============================================================================
[LINE-2-3] QUEBRA DE LINHA! Faltam peças do KIT BASE (Peça 0) para produzir 96 unids.
===============================================================================

