
===============================================================================
[LINE-1-5] --- Dia 1 ---
===============================================================================


===============================================================================
[LINE-1-5] Ouvindo o canal 'channel:line'...
===============================================================================


===============================================================================
[LINE-1-5] Status do buffer de peças: RED
===============================================================================


===============================================================================
[LINE-1-5] !!! ENVIANDO MENSAGEM para 'channel:warehouse': 5/1/send_parts/1;1;1;1;1;1;1;1;1;1;1;1;1;1;1;1;1;1;1;1;1;1;1;1;1;1;1;1;1;1;1;1;1;1;1;1;1;1;1;1;1;1;1;1;1;1;1;1;1;1;1;1;1;1;1;1;1;1;1;1;1;1;1;1;1;1;1;1;1;1;1;1;1;1;1;1;1;1;1;1;1;1;1;1;1;1;1;1;1;1;1;1;1;1;1;1;1;1;1;1
===============================================================================


===============================================================================
[LINE-1-5] Recebida ordem de produção para 48 unids do produto 5.
===============================================================================


===============================================================================
[LINE-1-5] QUEBRA DE LINHA! Faltam peças do KIT BASE (Peça 0) para produzir 48 unids.
===============================================================================


===============================================================================
[LINE-1-5] --- Dia 2 ---
===============================================================================


===============================================================================
[LINE-1-5] Recebida ordem de produção para 48 unids do produto 5.
===============================================================================


===============================================================================
[LINE-1-5] QUEBRA DE LINHA! Faltam peças do KIT BASE (Peça 0) para produzir 48 unids.
===============================================================================


===============================================================================
[LINE-1-5] --- Dia 3 ---
===============================================================================


===============================================================================
[LINE-1-5] Recebida ordem de produção para 48 unids do produto 5.
===============================================================================


===============================================================================
[LINE-1-5] QUEBRA DE LINHA! Faltam peças do KIT BASE (Peça 0) para produzir 48 unids.
===============================================================================


===============================================================================
[LINE-1-5] --- Dia 4 ---
===============================================================================


===============================================================================
[LINE-1-5] Recebida ordem de produção para 48 unids do produto 5.
===============================================================================


===============================================================================
[LINE-1-5] QUEBRA DE LINHA! Faltam peças do KIT BASE (Peça 0) para produzir 48 unids.
===============================================================================


===============================================================================
[LINE-1-5] --- Dia 5 ---
===============================================================================


===============================================================================
[LINE-1-5] Recebida ordem de produção para 48 unids do produto 5.
===============================================================================


===============================================================================
[LINE-1-5] QUEBRA DE LINHA! Faltam peças do KIT BASE (Peça 0) para produzir 48 unids.
===============================================================================


===============================================================================
[LINE-1-5] --- Dia 6 ---
===============================================================================


===============================================================================
[LINE-1-5] Recebida ordem de produção para 48 unids do produto 5.
===============================================================================


===============================================================================
[LINE-1-5] QUEBRA DE LINHA! Faltam peças do KIT BASE (Peça 0) para produzir 48 unids.
===============================================================================


===============================================================================
[LINE-1-5] --- Dia 7 ---
===============================================================================


===============================================================================
[LINE-1-5] Recebida ordem de produção para 48 unids do produto 5.
===============================================================================


===============================================================================
[LINE-1-5] QUEBRA DE LINHA! Faltam peças do KIT BASE (Peça 0) para produzir 48 unids.
===============================================================================


===============================================================================
[LINE-1-5] --- Dia 8 ---
===============================================================================


===============================================================================
[LINE-1-5] Recebida ordem de produção para 48 unids do produto 5.
===============================================================================


===============================================================================
[LINE-1-5] QUEBRA DE LINHA! Faltam peças do KIT BASE (Peça 0) para produzir 48 unids.
===============================================================================


===============================================================================
[LINE-1-5] --- Dia 9 ---
===============================================================================


===============================================================================
[LINE-1-5] Recebida ordem de produção para 48 unids do produto 5.
===============================================================================


===============================================================================
[LINE-1-5] QUEBRA DE LINHA! Faltam peças do KIT BASE (Peça 0) para produzir 48 unids.
===============================================================================


===============================================================================
[LINE-1-5] --- Dia 10 ---
===============================================================================


===============================================================================
[LINE-1-5] Recebida ordem de produção para 48 unids do produto 5.
===============================================================================


===============================================================================
[LINE-1-5] QUEBRA DE LINHA! Faltam peças do KIT BASE (Peça 0) para produzir 48 unids.
===============================================================================


===============================================================================
[LINE-1-5] --- Dia 11 ---
===============================================================================


===============================================================================
[LINE-1-5] Recebida ordem de produção para 48 unids do produto 5.
===============================================================================


===============================================================================
[LINE-1-5] QUEBRA DE LINHA! Faltam peças do KIT BASE (Peça 0) para produzir 48 unids.
===============================================================================

