
===============================================================================
[PRODUCT-STOCK-MAIN] Conexão com Redis bem-sucedida.
===============================================================================


===============================================================================
[PRODUCT-STOCK] --- Dia 1 ---
===============================================================================


===============================================================================
[PRODUCT-STOCK] Ouvindo o canal 'channel:product_stock' por novos produtos...
===============================================================================


===============================================================================
[PRODUCT-STOCK] Simulando pedidos de clientes para o dia...
===============================================================================


===============================================================================
[PRODUCT-STOCK] VENDA: Pedido de 226 unids para o produto 1 atendido com sucesso.
===============================================================================


===============================================================================
[PRODUCT-STOCK] VENDA: Pedido de 116 unids para o produto 2 atendido com sucesso.
===============================================================================


===============================================================================
[PRODUCT-STOCK] VENDA: Pedido de 228 unids para o produto 3 atendido com sucesso.
===============================================================================


===============================================================================
[PRODUCT-STOCK] VENDA: Pedido de 83 unids para o produto 4 atendido com sucesso.
===============================================================================


===============================================================================
[PRODUCT-STOCK] VENDA: Pedido de 102 unids para o produto 5 atendido com sucesso.
===============================================================================


===============================================================================
[PRODUCT-STOCK] Enviando atualização de estoque para fábricas: [774, 884, 772, 917, 898]
===============================================================================


===============================================================================
[PRODUCT-STOCK] --- Dia 2 ---
===============================================================================


===============================================================================
[PRODUCT-STOCK] Simulando pedidos de clientes para o dia...
===============================================================================


===============================================================================
[PRODUCT-STOCK] VENDA: Pedido de 188 unids para o produto 1 atendido com sucesso.
===============================================================================


===============================================================================
[PRODUCT-STOCK] VENDA: Pedido de 158 unids para o produto 2 atendido com sucesso.
===============================================================================


===============================================================================
[PRODUCT-STOCK] VENDA: Pedido de 119 unids para o produto 3 atendido com sucesso.
===============================================================================


===============================================================================
[PRODUCT-STOCK] VENDA: Pedido de 140 unids para o produto 4 atendido com sucesso.
===============================================================================


===============================================================================
[PRODUCT-STOCK] VENDA: Pedido de 70 unids para o produto 5 atendido com sucesso.
===============================================================================


===============================================================================
[PRODUCT-STOCK] Enviando atualização de estoque para fábricas: [586, 726, 653, 777, 828]
===============================================================================


===============================================================================
[PRODUCT-STOCK] Recebeu 48 unids do produto 3 da linha 1-3.
===============================================================================


===============================================================================
[PRODUCT-STOCK] Recebeu 48 unids do produto 4 da linha 1-4.
===============================================================================


===============================================================================
[PRODUCT-STOCK] Recebeu 48 unids do produto 1 da linha 1-1.
===============================================================================


===============================================================================
[PRODUCT-STOCK] Recebeu 48 unids do produto 2 da linha 1-2.
===============================================================================


===============================================================================
[PRODUCT-STOCK] Recebeu 48 unids do produto 5 da linha 1-5.
===============================================================================


===============================================================================
[PRODUCT-STOCK] Recebeu 96 unids do produto 2 da linha 2-8.
===============================================================================


===============================================================================
[PRODUCT-STOCK] Recebeu 96 unids do produto 1 da linha 2-1.
===============================================================================


===============================================================================
[PRODUCT-STOCK] Recebeu 96 unids do produto 3 da linha 2-3.
===============================================================================


===============================================================================
[PRODUCT-STOCK] Recebeu 96 unids do produto 4 da linha 2-4.
===============================================================================


===============================================================================
[PRODUCT-STOCK] Recebeu 96 unids do produto 1 da linha 2-6.
===============================================================================


===============================================================================
[PRODUCT-STOCK] Recebeu 96 unids do produto 3 da linha 2-7.
===============================================================================


===============================================================================
[PRODUCT-STOCK] Recebeu 96 unids do produto 5 da linha 2-5.
===============================================================================


===============================================================================
[PRODUCT-STOCK] Recebeu 96 unids do produto 2 da linha 2-2.
===============================================================================


===============================================================================
[PRODUCT-STOCK] --- Dia 3 ---
===============================================================================


===============================================================================
[PRODUCT-STOCK] Simulando pedidos de clientes para o dia...
===============================================================================


===============================================================================
[PRODUCT-STOCK] VENDA: Pedido de 155 unids para o produto 1 atendido com sucesso.
===============================================================================


===============================================================================
[PRODUCT-STOCK] VENDA: Pedido de 247 unids para o produto 2 atendido com sucesso.
===============================================================================


===============================================================================
[PRODUCT-STOCK] VENDA: Pedido de 104 unids para o produto 3 atendido com sucesso.
===============================================================================


===============================================================================
[PRODUCT-STOCK] VENDA: Pedido de 177 unids para o produto 4 atendido com sucesso.
===============================================================================


===============================================================================
[PRODUCT-STOCK] VENDA: Pedido de 228 unids para o produto 5 atendido com sucesso.
===============================================================================


===============================================================================
[PRODUCT-STOCK] Enviando atualização de estoque para fábricas: [671, 719, 789, 744, 744]
===============================================================================


===============================================================================
[PRODUCT-STOCK] Recebeu 48 unids do produto 2 da linha 1-2.
===============================================================================


===============================================================================
[PRODUCT-STOCK] Recebeu 48 unids do produto 1 da linha 1-1.
===============================================================================


===============================================================================
[PRODUCT-STOCK] Recebeu 48 unids do produto 3 da linha 1-3.
===============================================================================


===============================================================================
[PRODUCT-STOCK] Recebeu 48 unids do produto 4 da linha 1-4.
===============================================================================


===============================================================================
[PRODUCT-STOCK] Recebeu 96 unids do produto 4 da linha 2-4.
===============================================================================


===============================================================================
[PRODUCT-STOCK] Recebeu 96 unids do produto 2 da linha 2-7.
===============================================================================


===============================================================================
[PRODUCT-STOCK] Recebeu 48 unids do produto 5 da linha 1-5.
===============================================================================


===============================================================================
[PRODUCT-STOCK] Recebeu 96 unids do produto 2 da linha 2-2.
===============================================================================


===============================================================================
[PRODUCT-STOCK] Recebeu 96 unids do produto 1 da linha 2-6.
===============================================================================


===============================================================================
[PRODUCT-STOCK] Recebeu 96 unids do produto 3 da linha 2-3.
===============================================================================


===============================================================================
[PRODUCT-STOCK] Recebeu 96 unids do produto 5 da linha 2-5.
===============================================================================


===============================================================================
[PRODUCT-STOCK] Recebeu 96 unids do produto 4 da linha 2-8.
===============================================================================


===============================================================================
[PRODUCT-STOCK] Recebeu 96 unids do produto 1 da linha 2-1.
===============================================================================


===============================================================================
[PRODUCT-STOCK] --- Dia 4 ---
===============================================================================


===============================================================================
[PRODUCT-STOCK] Simulando pedidos de clientes para o dia...
===============================================================================


===============================================================================
[PRODUCT-STOCK] VENDA: Pedido de 94 unids para o produto 1 atendido com sucesso.
===============================================================================


===============================================================================
[PRODUCT-STOCK] VENDA: Pedido de 129 unids para o produto 2 atendido com sucesso.
===============================================================================


===============================================================================
[PRODUCT-STOCK] VENDA: Pedido de 55 unids para o produto 3 atendido com sucesso.
===============================================================================


===============================================================================
[PRODUCT-STOCK] VENDA: Pedido de 55 unids para o produto 4 atendido com sucesso.
===============================================================================


===============================================================================
[PRODUCT-STOCK] VENDA: Pedido de 192 unids para o produto 5 atendido com sucesso.
===============================================================================


===============================================================================
[PRODUCT-STOCK] Enviando atualização de estoque para fábricas: [817, 830, 878, 929, 696]
===============================================================================


===============================================================================
[PRODUCT-STOCK] Recebeu 48 unids do produto 4 da linha 1-4.
===============================================================================


===============================================================================
[PRODUCT-STOCK] Recebeu 48 unids do produto 1 da linha 1-1.
===============================================================================


===============================================================================
[PRODUCT-STOCK] Recebeu 48 unids do produto 3 da linha 1-3.
===============================================================================


===============================================================================
[PRODUCT-STOCK] Recebeu 48 unids do produto 2 da linha 1-2.
===============================================================================


===============================================================================
[PRODUCT-STOCK] Recebeu 96 unids do produto 2 da linha 2-7.
===============================================================================


===============================================================================
[PRODUCT-STOCK] Recebeu 96 unids do produto 1 da linha 2-6.
===============================================================================


===============================================================================
[PRODUCT-STOCK] Recebeu 96 unids do produto 1 da linha 2-1.
===============================================================================


===============================================================================
[PRODUCT-STOCK] Recebeu 96 unids do produto 2 da linha 2-2.
===============================================================================


===============================================================================
[PRODUCT-STOCK] Recebeu 96 unids do produto 3 da linha 2-3.
===============================================================================


===============================================================================
[PRODUCT-STOCK] Recebeu 96 unids do produto 4 da linha 2-8.
===============================================================================


===============================================================================
[PRODUCT-STOCK] Recebeu 96 unids do produto 4 da linha 2-4.
===============================================================================


===============================================================================
[PRODUCT-STOCK] Recebeu 48 unids do produto 5 da linha 1-5.
===============================================================================


===============================================================================
[PRODUCT-STOCK] Recebeu 96 unids do produto 5 da linha 2-5.
===============================================================================


===============================================================================
[PRODUCT-STOCK] Recebeu 48 unids do produto 2 da linha 1-2.
===============================================================================


===============================================================================
[PRODUCT-STOCK] Recebeu 48 unids do produto 1 da linha 1-1.
===============================================================================


===============================================================================
[PRODUCT-STOCK] Recebeu 48 unids do produto 4 da linha 1-4.
===============================================================================


===============================================================================
[PRODUCT-STOCK] Recebeu 48 unids do produto 3 da linha 1-3.
===============================================================================


===============================================================================
[PRODUCT-STOCK] Recebeu 48 unids do produto 5 da linha 1-5.
===============================================================================


===============================================================================
[PRODUCT-STOCK] Recebeu 48 unids do produto 1 da linha 2-1.
===============================================================================


===============================================================================
[PRODUCT-STOCK] Recebeu 48 unids do produto 2 da linha 2-8.
===============================================================================


===============================================================================
[PRODUCT-STOCK] Recebeu 48 unids do produto 2 da linha 2-2.
===============================================================================


===============================================================================
[PRODUCT-STOCK] Recebeu 48 unids do produto 4 da linha 2-4.
===============================================================================


===============================================================================
[PRODUCT-STOCK] Recebeu 48 unids do produto 1 da linha 2-7.
===============================================================================


===============================================================================
[PRODUCT-STOCK] Recebeu 48 unids do produto 3 da linha 2-3.
===============================================================================


===============================================================================
[PRODUCT-STOCK] Recebeu 48 unids do produto 5 da linha 2-6.
===============================================================================


===============================================================================
[PRODUCT-STOCK] Recebeu 48 unids do produto 5 da linha 2-5.
===============================================================================


===============================================================================
[PRODUCT-STOCK] --- Dia 5 ---
===============================================================================


===============================================================================
[PRODUCT-STOCK] Simulando pedidos de clientes para o dia...
===============================================================================


===============================================================================
[PRODUCT-STOCK] VENDA: Pedido de 82 unids para o produto 1 atendido com sucesso.
===============================================================================


===============================================================================
[PRODUCT-STOCK] VENDA: Pedido de 58 unids para o produto 2 atendido com sucesso.
===============================================================================


===============================================================================
[PRODUCT-STOCK] VENDA: Pedido de 131 unids para o produto 3 atendido com sucesso.
===============================================================================


===============================================================================
[PRODUCT-STOCK] VENDA: Pedido de 57 unids para o produto 4 atendido com sucesso.
===============================================================================


===============================================================================
[PRODUCT-STOCK] VENDA: Pedido de 138 unids para o produto 5 atendido com sucesso.
===============================================================================


===============================================================================
[PRODUCT-STOCK] Enviando atualização de estoque para fábricas: [1119, 1156, 987, 1208, 846]
===============================================================================


===============================================================================
[PRODUCT-STOCK] Recebeu 48 unids do produto 1 da linha 1-1.
===============================================================================


===============================================================================
[PRODUCT-STOCK] Recebeu 48 unids do produto 3 da linha 1-3.
===============================================================================


===============================================================================
[PRODUCT-STOCK] Recebeu 48 unids do produto 2 da linha 1-2.
===============================================================================


===============================================================================
[PRODUCT-STOCK] Recebeu 48 unids do produto 5 da linha 1-5.
===============================================================================


===============================================================================
[PRODUCT-STOCK] Recebeu 48 unids do produto 4 da linha 1-4.
===============================================================================


===============================================================================
[PRODUCT-STOCK] Recebeu 48 unids do produto 2 da linha 2-2.
===============================================================================


===============================================================================
[PRODUCT-STOCK] Recebeu 48 unids do produto 3 da linha 2-3.
===============================================================================


===============================================================================
[PRODUCT-STOCK] Recebeu 48 unids do produto 1 da linha 2-8.
===============================================================================


===============================================================================
[PRODUCT-STOCK] Recebeu 48 unids do produto 1 da linha 2-1.
===============================================================================


===============================================================================
[PRODUCT-STOCK] Recebeu 48 unids do produto 3 da linha 2-7.
===============================================================================


===============================================================================
[PRODUCT-STOCK] Recebeu 48 unids do produto 4 da linha 2-4.
===============================================================================


===============================================================================
[PRODUCT-STOCK] Recebeu 48 unids do produto 5 da linha 2-6.
===============================================================================


===============================================================================
[PRODUCT-STOCK] Recebeu 48 unids do produto 5 da linha 2-5.
===============================================================================


===============================================================================
[PRODUCT-STOCK] --- Dia 6 ---
===============================================================================


===============================================================================
[PRODUCT-STOCK] Simulando pedidos de clientes para o dia...
===============================================================================


===============================================================================
[PRODUCT-STOCK] VENDA: Pedido de 152 unids para o produto 1 atendido com sucesso.
===============================================================================


===============================================================================
[PRODUCT-STOCK] VENDA: Pedido de 102 unids para o produto 2 atendido com sucesso.
===============================================================================


===============================================================================
[PRODUCT-STOCK] VENDA: Pedido de 105 unids para o produto 3 atendido com sucesso.
===============================================================================


===============================================================================
[PRODUCT-STOCK] VENDA: Pedido de 127 unids para o produto 4 atendido com sucesso.
===============================================================================


===============================================================================
[PRODUCT-STOCK] VENDA: Pedido de 54 unids para o produto 5 atendido com sucesso.
===============================================================================


===============================================================================
[PRODUCT-STOCK] Enviando atualização de estoque para fábricas: [1111, 1150, 1026, 1177, 936]
===============================================================================


===============================================================================
[PRODUCT-STOCK] Recebeu 48 unids do produto 1 da linha 1-1.
===============================================================================


===============================================================================
[PRODUCT-STOCK] Recebeu 48 unids do produto 2 da linha 1-2.
===============================================================================


===============================================================================
[PRODUCT-STOCK] Recebeu 48 unids do produto 3 da linha 1-3.
===============================================================================


===============================================================================
[PRODUCT-STOCK] Recebeu 48 unids do produto 5 da linha 1-5.
===============================================================================


===============================================================================
[PRODUCT-STOCK] Recebeu 48 unids do produto 4 da linha 1-4.
===============================================================================


===============================================================================
[PRODUCT-STOCK] Recebeu 48 unids do produto 1 da linha 2-8.
===============================================================================


===============================================================================
[PRODUCT-STOCK] Recebeu 48 unids do produto 2 da linha 2-2.
===============================================================================


===============================================================================
[PRODUCT-STOCK] Recebeu 48 unids do produto 4 da linha 2-4.
===============================================================================


===============================================================================
[PRODUCT-STOCK] Recebeu 48 unids do produto 5 da linha 2-5.
===============================================================================


===============================================================================
[PRODUCT-STOCK] Recebeu 48 unids do produto 3 da linha 2-7.
===============================================================================


===============================================================================
[PRODUCT-STOCK] Recebeu 48 unids do produto 5 da linha 2-6.
===============================================================================


===============================================================================
[PRODUCT-STOCK] Recebeu 48 unids do produto 3 da linha 2-3.
===============================================================================


===============================================================================
[PRODUCT-STOCK] Recebeu 48 unids do produto 1 da linha 2-1.
===============================================================================


===============================================================================
[PRODUCT-STOCK] --- Dia 7 ---
===============================================================================


===============================================================================
[PRODUCT-STOCK] Simulando pedidos de clientes para o dia...
===============================================================================


===============================================================================
[PRODUCT-STOCK] VENDA: Pedido de 150 unids para o produto 1 atendido com sucesso.
===============================================================================


===============================================================================
[PRODUCT-STOCK] VENDA: Pedido de 125 unids para o produto 2 atendido com sucesso.
===============================================================================


===============================================================================
[PRODUCT-STOCK] VENDA: Pedido de 93 unids para o produto 3 atendido com sucesso.
===============================================================================


===============================================================================
[PRODUCT-STOCK] VENDA: Pedido de 144 unids para o produto 4 atendido com sucesso.
===============================================================================


===============================================================================
[PRODUCT-STOCK] VENDA: Pedido de 77 unids para o produto 5 atendido com sucesso.
===============================================================================


===============================================================================
[PRODUCT-STOCK] Enviando atualização de estoque para fábricas: [1105, 1121, 1077, 1129, 1003]
===============================================================================


===============================================================================
[PRODUCT-STOCK] Recebeu 48 unids do produto 1 da linha 1-1.
===============================================================================


===============================================================================
[PRODUCT-STOCK] Recebeu 48 unids do produto 3 da linha 1-3.
===============================================================================


===============================================================================
[PRODUCT-STOCK] Recebeu 48 unids do produto 4 da linha 1-4.
===============================================================================


===============================================================================
[PRODUCT-STOCK] Recebeu 48 unids do produto 2 da linha 1-2.
===============================================================================


===============================================================================
[PRODUCT-STOCK] Recebeu 48 unids do produto 5 da linha 1-5.
===============================================================================


===============================================================================
[PRODUCT-STOCK] Recebeu 48 unids do produto 3 da linha 2-7.
===============================================================================


===============================================================================
[PRODUCT-STOCK] Recebeu 48 unids do produto 1 da linha 2-1.
===============================================================================


===============================================================================
[PRODUCT-STOCK] Recebeu 48 unids do produto 3 da linha 2-3.
===============================================================================


===============================================================================
[PRODUCT-STOCK] Recebeu 48 unids do produto 4 da linha 2-4.
===============================================================================


===============================================================================
[PRODUCT-STOCK] Recebeu 48 unids do produto 2 da linha 2-2.
===============================================================================


===============================================================================
[PRODUCT-STOCK] Recebeu 48 unids do produto 1 da linha 2-8.
===============================================================================


===============================================================================
[PRODUCT-STOCK] Recebeu 48 unids do produto 5 da linha 2-6.
===============================================================================


===============================================================================
[PRODUCT-STOCK] Recebeu 48 unids do produto 5 da linha 2-5.
===============================================================================


===============================================================================
[PRODUCT-STOCK] --- Dia 8 ---
===============================================================================


===============================================================================
[PRODUCT-STOCK] Simulando pedidos de clientes para o dia...
===============================================================================


===============================================================================
[PRODUCT-STOCK] VENDA: Pedido de 57 unids para o produto 1 atendido com sucesso.
===============================================================================


===============================================================================
[PRODUCT-STOCK] VENDA: Pedido de 174 unids para o produto 2 atendido com sucesso.
===============================================================================


===============================================================================
[PRODUCT-STOCK] VENDA: Pedido de 149 unids para o produto 3 atendido com sucesso.
===============================================================================


===============================================================================
[PRODUCT-STOCK] VENDA: Pedido de 196 unids para o produto 4 atendido com sucesso.
===============================================================================


===============================================================================
[PRODUCT-STOCK] VENDA: Pedido de 149 unids para o produto 5 atendido com sucesso.
===============================================================================


===============================================================================
[PRODUCT-STOCK] Enviando atualização de estoque para fábricas: [1192, 1043, 1072, 1029, 998]
===============================================================================


===============================================================================
[PRODUCT-STOCK] Recebeu 48 unids do produto 2 da linha 1-2.
===============================================================================


===============================================================================
[PRODUCT-STOCK] Recebeu 48 unids do produto 1 da linha 1-1.
===============================================================================


===============================================================================
[PRODUCT-STOCK] Recebeu 48 unids do produto 3 da linha 1-3.
===============================================================================


===============================================================================
[PRODUCT-STOCK] Recebeu 48 unids do produto 4 da linha 1-4.
===============================================================================


===============================================================================
[PRODUCT-STOCK] Recebeu 48 unids do produto 5 da linha 1-5.
===============================================================================


===============================================================================
[PRODUCT-STOCK] Recebeu 48 unids do produto 2 da linha 2-2.
===============================================================================


===============================================================================
[PRODUCT-STOCK] Recebeu 48 unids do produto 1 da linha 2-1.
===============================================================================


===============================================================================
[PRODUCT-STOCK] Recebeu 48 unids do produto 3 da linha 2-3.
===============================================================================


===============================================================================
[PRODUCT-STOCK] Recebeu 48 unids do produto 5 da linha 2-6.
===============================================================================


===============================================================================
[PRODUCT-STOCK] Recebeu 48 unids do produto 4 da linha 2-4.
===============================================================================


===============================================================================
[PRODUCT-STOCK] Recebeu 48 unids do produto 4 da linha 2-7.
===============================================================================


===============================================================================
[PRODUCT-STOCK] Recebeu 48 unids do produto 2 da linha 2-8.
===============================================================================


===============================================================================
[PRODUCT-STOCK] Recebeu 48 unids do produto 5 da linha 2-5.
===============================================================================


===============================================================================
[PRODUCT-STOCK] --- Dia 9 ---
===============================================================================


===============================================================================
[PRODUCT-STOCK] Simulando pedidos de clientes para o dia...
===============================================================================


===============================================================================
[PRODUCT-STOCK] VENDA: Pedido de 131 unids para o produto 1 atendido com sucesso.
===============================================================================


===============================================================================
[PRODUCT-STOCK] VENDA: Pedido de 121 unids para o produto 2 atendido com sucesso.
===============================================================================


===============================================================================
[PRODUCT-STOCK] VENDA: Pedido de 139 unids para o produto 3 atendido com sucesso.
===============================================================================


===============================================================================
[PRODUCT-STOCK] VENDA: Pedido de 118 unids para o produto 4 atendido com sucesso.
===============================================================================


===============================================================================
[PRODUCT-STOCK] VENDA: Pedido de 183 unids para o produto 5 atendido com sucesso.
===============================================================================


===============================================================================
[PRODUCT-STOCK] Enviando atualização de estoque para fábricas: [1157, 1066, 1029, 1055, 959]
===============================================================================


===============================================================================
[PRODUCT-STOCK] Recebeu 48 unids do produto 2 da linha 1-2.
===============================================================================


===============================================================================
[PRODUCT-STOCK] Recebeu 48 unids do produto 4 da linha 1-4.
===============================================================================


===============================================================================
[PRODUCT-STOCK] Recebeu 48 unids do produto 3 da linha 1-3.
===============================================================================


===============================================================================
[PRODUCT-STOCK] Recebeu 48 unids do produto 1 da linha 1-1.
===============================================================================


===============================================================================
[PRODUCT-STOCK] Recebeu 48 unids do produto 5 da linha 1-5.
===============================================================================


===============================================================================
[PRODUCT-STOCK] Recebeu 48 unids do produto 1 da linha 2-1.
===============================================================================


===============================================================================
[PRODUCT-STOCK] Recebeu 48 unids do produto 3 da linha 2-3.
===============================================================================


===============================================================================
[PRODUCT-STOCK] Recebeu 48 unids do produto 2 da linha 2-2.
===============================================================================


===============================================================================
[PRODUCT-STOCK] Recebeu 48 unids do produto 3 da linha 2-7.
===============================================================================


===============================================================================
[PRODUCT-STOCK] Recebeu 48 unids do produto 5 da linha 2-5.
===============================================================================


===============================================================================
[PRODUCT-STOCK] Recebeu 48 unids do produto 5 da linha 2-6.
===============================================================================


===============================================================================
[PRODUCT-STOCK] Recebeu 48 unids do produto 4 da linha 2-8.
===============================================================================


===============================================================================
[PRODUCT-STOCK] Recebeu 48 unids do produto 4 da linha 2-4.
===============================================================================


===============================================================================
[PRODUCT-STOCK] --- Dia 10 ---
===============================================================================


===============================================================================
[PRODUCT-STOCK] Simulando pedidos de clientes para o dia...
===============================================================================


===============================================================================
[PRODUCT-STOCK] VENDA: Pedido de 175 unids para o produto 1 atendido com sucesso.
===============================================================================


===============================================================================
[PRODUCT-STOCK] VENDA: Pedido de 200 unids para o produto 2 atendido com sucesso.
===============================================================================


===============================================================================
[PRODUCT-STOCK] VENDA: Pedido de 102 unids para o produto 3 atendido com sucesso.
===============================================================================


===============================================================================
[PRODUCT-STOCK] VENDA: Pedido de 152 unids para o produto 4 atendido com sucesso.
===============================================================================


===============================================================================
[PRODUCT-STOCK] VENDA: Pedido de 166 unids para o produto 5 atendido com sucesso.
===============================================================================


===============================================================================
[PRODUCT-STOCK] Enviando atualização de estoque para fábricas: [1078, 962, 1071, 1047, 937]
===============================================================================


===============================================================================
[PRODUCT-STOCK] Recebeu 48 unids do produto 1 da linha 1-1.
===============================================================================


===============================================================================
[PRODUCT-STOCK] Recebeu 48 unids do produto 3 da linha 1-3.
===============================================================================


===============================================================================
[PRODUCT-STOCK] Recebeu 48 unids do produto 2 da linha 1-2.
===============================================================================


===============================================================================
[PRODUCT-STOCK] Recebeu 48 unids do produto 4 da linha 1-4.
===============================================================================


===============================================================================
[PRODUCT-STOCK] Recebeu 48 unids do produto 5 da linha 1-5.
===============================================================================


===============================================================================
[PRODUCT-STOCK] Recebeu 48 unids do produto 5 da linha 2-5.
===============================================================================


===============================================================================
[PRODUCT-STOCK] Recebeu 48 unids do produto 1 da linha 2-1.
===============================================================================


===============================================================================
[PRODUCT-STOCK] Recebeu 48 unids do produto 2 da linha 2-7.
===============================================================================


===============================================================================
[PRODUCT-STOCK] Recebeu 48 unids do produto 3 da linha 2-3.
===============================================================================


===============================================================================
[PRODUCT-STOCK] Recebeu 48 unids do produto 2 da linha 2-2.
===============================================================================


===============================================================================
[PRODUCT-STOCK] Recebeu 48 unids do produto 4 da linha 2-4.
===============================================================================


===============================================================================
[PRODUCT-STOCK] Recebeu 48 unids do produto 5 da linha 2-6.
===============================================================================


===============================================================================
[PRODUCT-STOCK] Recebeu 48 unids do produto 4 da linha 2-8.
===============================================================================


===============================================================================
[PRODUCT-STOCK] --- Dia 11 ---
===============================================================================


===============================================================================
[PRODUCT-STOCK] Simulando pedidos de clientes para o dia...
===============================================================================


===============================================================================
[PRODUCT-STOCK] VENDA: Pedido de 104 unids para o produto 1 atendido com sucesso.
===============================================================================


===============================================================================
[PRODUCT-STOCK] VENDA: Pedido de 57 unids para o produto 2 atendido com sucesso.
===============================================================================


===============================================================================
[PRODUCT-STOCK] VENDA: Pedido de 214 unids para o produto 3 atendido com sucesso.
===============================================================================


===============================================================================
[PRODUCT-STOCK] VENDA: Pedido de 151 unids para o produto 4 atendido com sucesso.
===============================================================================


===============================================================================
[PRODUCT-STOCK] VENDA: Pedido de 163 unids para o produto 5 atendido com sucesso.
===============================================================================


===============================================================================
[PRODUCT-STOCK] Enviando atualização de estoque para fábricas: [1070, 1049, 953, 1040, 918]
===============================================================================


===============================================================================
[PRODUCT-STOCK] Recebeu 48 unids do produto 3 da linha 1-3.
===============================================================================


===============================================================================
[PRODUCT-STOCK] Recebeu 48 unids do produto 1 da linha 1-1.
===============================================================================


===============================================================================
[PRODUCT-STOCK] Recebeu 48 unids do produto 5 da linha 1-5.
===============================================================================


===============================================================================
[PRODUCT-STOCK] Recebeu 48 unids do produto 2 da linha 1-2.
===============================================================================


===============================================================================
[PRODUCT-STOCK] Recebeu 48 unids do produto 4 da linha 1-4.
===============================================================================


===============================================================================
[PRODUCT-STOCK] Recebeu 48 unids do produto 1 da linha 2-1.
===============================================================================


===============================================================================
[PRODUCT-STOCK] Recebeu 48 unids do produto 2 da linha 2-2.
===============================================================================


===============================================================================
[PRODUCT-STOCK] Recebeu 48 unids do produto 3 da linha 2-3.
===============================================================================


===============================================================================
[PRODUCT-STOCK] Recebeu 48 unids do produto 3 da linha 2-7.
===============================================================================


===============================================================================
[PRODUCT-STOCK] Recebeu 48 unids do produto 4 da linha 2-4.
===============================================================================


===============================================================================
[PRODUCT-STOCK] Recebeu 48 unids do produto 4 da linha 2-8.
===============================================================================


===============================================================================
[PRODUCT-STOCK] --- Dia 12 ---
===============================================================================


===============================================================================
[PRODUCT-STOCK] Simulando pedidos de clientes para o dia...
===============================================================================


===============================================================================
[PRODUCT-STOCK] VENDA: Pedido de 135 unids para o produto 1 atendido com sucesso.
===============================================================================


===============================================================================
[PRODUCT-STOCK] VENDA: Pedido de 137 unids para o produto 2 atendido com sucesso.
===============================================================================


===============================================================================
[PRODUCT-STOCK] VENDA: Pedido de 73 unids para o produto 3 atendido com sucesso.
===============================================================================


===============================================================================
[PRODUCT-STOCK] VENDA: Pedido de 93 unids para o produto 4 atendido com sucesso.
===============================================================================


===============================================================================
[PRODUCT-STOCK] VENDA: Pedido de 63 unids para o produto 5 atendido com sucesso.
===============================================================================


===============================================================================
[PRODUCT-STOCK] Enviando atualização de estoque para fábricas: [1031, 1008, 1024, 1091, 903]
===============================================================================


===============================================================================
[PRODUCT-STOCK] Recebeu 48 unids do produto 5 da linha 2-6.
===============================================================================


===============================================================================
[PRODUCT-STOCK] Recebeu 48 unids do produto 5 da linha 2-5.
===============================================================================


===============================================================================
[PRODUCT-STOCK] Recebeu 48 unids do produto 2 da linha 1-2.
===============================================================================


===============================================================================
[PRODUCT-STOCK] Recebeu 48 unids do produto 3 da linha 1-3.
===============================================================================


===============================================================================
[PRODUCT-STOCK] Recebeu 48 unids do produto 1 da linha 1-1.
===============================================================================


===============================================================================
[PRODUCT-STOCK] Recebeu 48 unids do produto 4 da linha 1-4.
===============================================================================


===============================================================================
[PRODUCT-STOCK] Recebeu 48 unids do produto 5 da linha 1-5.
===============================================================================


===============================================================================
[PRODUCT-STOCK] Recebeu 48 unids do produto 1 da linha 2-1.
===============================================================================


===============================================================================
[PRODUCT-STOCK] Recebeu 48 unids do produto 2 da linha 2-2.
===============================================================================


===============================================================================
[PRODUCT-STOCK] Recebeu 48 unids do produto 3 da linha 2-8.
===============================================================================


===============================================================================
[PRODUCT-STOCK] Recebeu 48 unids do produto 5 da linha 2-5.
===============================================================================


===============================================================================
[PRODUCT-STOCK] Recebeu 48 unids do produto 3 da linha 2-3.
===============================================================================


===============================================================================
[PRODUCT-STOCK] Recebeu 48 unids do produto 5 da linha 2-6.
===============================================================================


===============================================================================
[PRODUCT-STOCK] Recebeu 48 unids do produto 4 da linha 2-4.
===============================================================================


===============================================================================
[PRODUCT-STOCK] Recebeu 48 unids do produto 2 da linha 2-7.
===============================================================================


===============================================================================
[PRODUCT-STOCK] --- Dia 13 ---
===============================================================================


===============================================================================
[PRODUCT-STOCK] Simulando pedidos de clientes para o dia...
===============================================================================


===============================================================================
[PRODUCT-STOCK] VENDA: Pedido de 96 unids para o produto 1 atendido com sucesso.
===============================================================================


===============================================================================
[PRODUCT-STOCK] VENDA: Pedido de 115 unids para o produto 2 atendido com sucesso.
===============================================================================


===============================================================================
[PRODUCT-STOCK] VENDA: Pedido de 243 unids para o produto 3 atendido com sucesso.
===============================================================================


===============================================================================
[PRODUCT-STOCK] VENDA: Pedido de 183 unids para o produto 4 atendido com sucesso.
===============================================================================


===============================================================================
[PRODUCT-STOCK] VENDA: Pedido de 102 unids para o produto 5 atendido com sucesso.
===============================================================================


===============================================================================
[PRODUCT-STOCK] Enviando atualização de estoque para fábricas: [1031, 1037, 925, 1004, 1041]
===============================================================================


===============================================================================
[PRODUCT-STOCK] Recebeu 48 unids do produto 3 da linha 1-3.
===============================================================================


===============================================================================
[PRODUCT-STOCK] Recebeu 48 unids do produto 1 da linha 1-1.
===============================================================================


===============================================================================
[PRODUCT-STOCK] Recebeu 48 unids do produto 2 da linha 1-2.
===============================================================================


===============================================================================
[PRODUCT-STOCK] Recebeu 48 unids do produto 4 da linha 1-4.
===============================================================================


===============================================================================
[PRODUCT-STOCK] Recebeu 48 unids do produto 5 da linha 1-5.
===============================================================================


===============================================================================
[PRODUCT-STOCK] Recebeu 48 unids do produto 2 da linha 2-2.
===============================================================================


===============================================================================
[PRODUCT-STOCK] Recebeu 48 unids do produto 3 da linha 2-3.
===============================================================================


===============================================================================
[PRODUCT-STOCK] Recebeu 48 unids do produto 1 da linha 2-1.
===============================================================================


===============================================================================
[PRODUCT-STOCK] Recebeu 48 unids do produto 3 da linha 2-6.
===============================================================================


===============================================================================
[PRODUCT-STOCK] Recebeu 48 unids do produto 1 da linha 2-8.
===============================================================================


===============================================================================
[PRODUCT-STOCK] Recebeu 48 unids do produto 4 da linha 2-4.
===============================================================================


===============================================================================
[PRODUCT-STOCK] Recebeu 48 unids do produto 4 da linha 2-7.
===============================================================================


===============================================================================
[PRODUCT-STOCK] Recebeu 48 unids do produto 5 da linha 2-5.
===============================================================================


===============================================================================
[PRODUCT-STOCK] --- Dia 14 ---
===============================================================================


===============================================================================
[PRODUCT-STOCK] Simulando pedidos de clientes para o dia...
===============================================================================


===============================================================================
[PRODUCT-STOCK] VENDA: Pedido de 161 unids para o produto 1 atendido com sucesso.
===============================================================================


===============================================================================
[PRODUCT-STOCK] VENDA: Pedido de 216 unids para o produto 2 atendido com sucesso.
===============================================================================


===============================================================================
[PRODUCT-STOCK] VENDA: Pedido de 54 unids para o produto 3 atendido com sucesso.
===============================================================================


===============================================================================
[PRODUCT-STOCK] VENDA: Pedido de 204 unids para o produto 4 atendido com sucesso.
===============================================================================


===============================================================================
[PRODUCT-STOCK] VENDA: Pedido de 184 unids para o produto 5 atendido com sucesso.
===============================================================================


===============================================================================
[PRODUCT-STOCK] Enviando atualização de estoque para fábricas: [1014, 917, 1015, 944, 953]
===============================================================================


===============================================================================
[PRODUCT-STOCK] Recebeu 48 unids do produto 4 da linha 1-4.
===============================================================================


===============================================================================
[PRODUCT-STOCK] Recebeu 48 unids do produto 3 da linha 1-3.
===============================================================================


===============================================================================
[PRODUCT-STOCK] Recebeu 48 unids do produto 2 da linha 1-2.
===============================================================================


===============================================================================
[PRODUCT-STOCK] Recebeu 48 unids do produto 1 da linha 1-1.
===============================================================================


===============================================================================
[PRODUCT-STOCK] Recebeu 48 unids do produto 5 da linha 1-5.
===============================================================================


===============================================================================
[PRODUCT-STOCK] Recebeu 48 unids do produto 2 da linha 2-2.
===============================================================================


===============================================================================
[PRODUCT-STOCK] Recebeu 48 unids do produto 1 da linha 2-1.
===============================================================================


===============================================================================
[PRODUCT-STOCK] Recebeu 48 unids do produto 5 da linha 2-8.
===============================================================================


===============================================================================
[PRODUCT-STOCK] Recebeu 48 unids do produto 2 da linha 2-6.
===============================================================================


===============================================================================
[PRODUCT-STOCK] Recebeu 48 unids do produto 4 da linha 2-4.
===============================================================================


===============================================================================
[PRODUCT-STOCK] Recebeu 48 unids do produto 5 da linha 2-5.
===============================================================================


===============================================================================
[PRODUCT-STOCK] Recebeu 48 unids do produto 3 da linha 2-3.
===============================================================================


===============================================================================
[PRODUCT-STOCK] Recebeu 48 unids do produto 4 da linha 2-7.
===============================================================================


===============================================================================
[PRODUCT-STOCK] --- Dia 15 ---
===============================================================================


===============================================================================
[PRODUCT-STOCK] Simulando pedidos de clientes para o dia...
===============================================================================


===============================================================================
[PRODUCT-STOCK] VENDA: Pedido de 72 unids para o produto 1 atendido com sucesso.
===============================================================================


===============================================================================
[PRODUCT-STOCK] VENDA: Pedido de 114 unids para o produto 2 atendido com sucesso.
===============================================================================


===============================================================================
[PRODUCT-STOCK] VENDA: Pedido de 196 unids para o produto 3 atendido com sucesso.
===============================================================================


===============================================================================
[PRODUCT-STOCK] VENDA: Pedido de 107 unids para o produto 4 atendido com sucesso.
===============================================================================


===============================================================================
[PRODUCT-STOCK] VENDA: Pedido de 131 unids para o produto 5 atendido com sucesso.
===============================================================================


===============================================================================
[PRODUCT-STOCK] Enviando atualização de estoque para fábricas: [1038, 947, 915, 981, 966]
===============================================================================


===============================================================================
[PRODUCT-STOCK] Recebeu 48 unids do produto 1 da linha 1-1.
===============================================================================


===============================================================================
[PRODUCT-STOCK] Recebeu 48 unids do produto 2 da linha 1-2.
===============================================================================


===============================================================================
[PRODUCT-STOCK] Recebeu 48 unids do produto 3 da linha 1-3.
===============================================================================


===============================================================================
[PRODUCT-STOCK] Recebeu 48 unids do produto 4 da linha 1-4.
===============================================================================


===============================================================================
[PRODUCT-STOCK] Recebeu 48 unids do produto 5 da linha 1-5.
===============================================================================


===============================================================================
[PRODUCT-STOCK] Recebeu 48 unids do produto 2 da linha 2-2.
===============================================================================


===============================================================================
[PRODUCT-STOCK] Recebeu 48 unids do produto 1 da linha 2-1.
===============================================================================


===============================================================================
[PRODUCT-STOCK] Recebeu 48 unids do produto 3 da linha 2-3.
===============================================================================


===============================================================================
[PRODUCT-STOCK] Recebeu 48 unids do produto 4 da linha 2-4.
===============================================================================


===============================================================================
[PRODUCT-STOCK] Recebeu 48 unids do produto 3 da linha 2-6.
===============================================================================


===============================================================================
[PRODUCT-STOCK] Recebeu 48 unids do produto 2 da linha 2-7.
===============================================================================


===============================================================================
[PRODUCT-STOCK] Recebeu 48 unids do produto 5 da linha 2-8.
===============================================================================


===============================================================================
[PRODUCT-STOCK] Recebeu 48 unids do produto 5 da linha 2-5.
===============================================================================


===============================================================================
[PRODUCT-STOCK] --- Dia 16 ---
===============================================================================


===============================================================================
[PRODUCT-STOCK] Simulando pedidos de clientes para o dia...
===============================================================================


===============================================================================
[PRODUCT-STOCK] VENDA: Pedido de 236 unids para o produto 1 atendido com sucesso.
===============================================================================


===============================================================================
[PRODUCT-STOCK] VENDA: Pedido de 132 unids para o produto 2 atendido com sucesso.
===============================================================================


===============================================================================
[PRODUCT-STOCK] VENDA: Pedido de 224 unids para o produto 3 atendido com sucesso.
===============================================================================


===============================================================================
[PRODUCT-STOCK] VENDA: Pedido de 61 unids para o produto 4 atendido com sucesso.
===============================================================================


===============================================================================
[PRODUCT-STOCK] VENDA: Pedido de 192 unids para o produto 5 atendido com sucesso.
===============================================================================


===============================================================================
[PRODUCT-STOCK] Enviando atualização de estoque para fábricas: [898, 959, 835, 1016, 918]
===============================================================================


===============================================================================
[PRODUCT-STOCK] Recebeu 48 unids do produto 3 da linha 1-3.
===============================================================================


===============================================================================
[PRODUCT-STOCK] Recebeu 48 unids do produto 1 da linha 1-1.
===============================================================================


===============================================================================
[PRODUCT-STOCK] Recebeu 48 unids do produto 2 da linha 1-2.
===============================================================================


===============================================================================
[PRODUCT-STOCK] Recebeu 48 unids do produto 4 da linha 1-4.
===============================================================================


===============================================================================
[PRODUCT-STOCK] Recebeu 48 unids do produto 5 da linha 1-5.
===============================================================================


===============================================================================
[PRODUCT-STOCK] Recebeu 48 unids do produto 1 da linha 2-7.
===============================================================================


===============================================================================
[PRODUCT-STOCK] Recebeu 48 unids do produto 2 da linha 2-2.
===============================================================================


===============================================================================
[PRODUCT-STOCK] Recebeu 48 unids do produto 3 da linha 2-6.
===============================================================================


===============================================================================
[PRODUCT-STOCK] Recebeu 48 unids do produto 1 da linha 2-1.
===============================================================================


===============================================================================
[PRODUCT-STOCK] Recebeu 48 unids do produto 5 da linha 2-8.
===============================================================================


===============================================================================
[PRODUCT-STOCK] Recebeu 48 unids do produto 3 da linha 2-3.
===============================================================================


===============================================================================
[PRODUCT-STOCK] Recebeu 48 unids do produto 4 da linha 2-4.
===============================================================================


===============================================================================
[PRODUCT-STOCK] Recebeu 48 unids do produto 5 da linha 2-5.
===============================================================================


===============================================================================
[PRODUCT-STOCK] --- Dia 17 ---
===============================================================================


===============================================================================
[PRODUCT-STOCK] Simulando pedidos de clientes para o dia...
===============================================================================


===============================================================================
[PRODUCT-STOCK] VENDA: Pedido de 162 unids para o produto 1 atendido com sucesso.
===============================================================================


===============================================================================
[PRODUCT-STOCK] VENDA: Pedido de 226 unids para o produto 2 atendido com sucesso.
===============================================================================


===============================================================================
[PRODUCT-STOCK] VENDA: Pedido de 174 unids para o produto 3 atendido com sucesso.
===============================================================================


===============================================================================
[PRODUCT-STOCK] VENDA: Pedido de 171 unids para o produto 4 atendido com sucesso.
===============================================================================


===============================================================================
[PRODUCT-STOCK] VENDA: Pedido de 99 unids para o produto 5 atendido com sucesso.
===============================================================================


===============================================================================
[PRODUCT-STOCK] Enviando atualização de estoque para fábricas: [880, 829, 805, 941, 963]
===============================================================================


===============================================================================
[PRODUCT-STOCK] Recebeu 48 unids do produto 1 da linha 1-1.
===============================================================================


===============================================================================
[PRODUCT-STOCK] Recebeu 48 unids do produto 3 da linha 1-3.
===============================================================================


===============================================================================
[PRODUCT-STOCK] Recebeu 48 unids do produto 5 da linha 1-5.
===============================================================================


===============================================================================
[PRODUCT-STOCK] Recebeu 48 unids do produto 2 da linha 1-2.
===============================================================================


===============================================================================
[PRODUCT-STOCK] Recebeu 48 unids do produto 4 da linha 1-4.
===============================================================================


===============================================================================
[PRODUCT-STOCK] Recebeu 48 unids do produto 2 da linha 2-7.
===============================================================================


===============================================================================
[PRODUCT-STOCK] Recebeu 48 unids do produto 2 da linha 2-2.
===============================================================================


===============================================================================
[PRODUCT-STOCK] Recebeu 48 unids do produto 1 da linha 2-1.
===============================================================================


===============================================================================
[PRODUCT-STOCK] Recebeu 48 unids do produto 1 da linha 2-8.
===============================================================================


===============================================================================
[PRODUCT-STOCK] Recebeu 48 unids do produto 3 da linha 2-3.
===============================================================================


===============================================================================
[PRODUCT-STOCK] Recebeu 48 unids do produto 4 da linha 2-4.
===============================================================================


===============================================================================
[PRODUCT-STOCK] Recebeu 48 unids do produto 5 da linha 2-5.
===============================================================================


===============================================================================
[PRODUCT-STOCK] Recebeu 48 unids do produto 3 da linha 2-6.
===============================================================================


===============================================================================
[PRODUCT-STOCK] --- Dia 18 ---
===============================================================================


===============================================================================
[PRODUCT-STOCK] Simulando pedidos de clientes para o dia...
===============================================================================


===============================================================================
[PRODUCT-STOCK] VENDA: Pedido de 61 unids para o produto 1 atendido com sucesso.
===============================================================================


===============================================================================
[PRODUCT-STOCK] VENDA: Pedido de 76 unids para o produto 2 atendido com sucesso.
===============================================================================


===============================================================================
[PRODUCT-STOCK] VENDA: Pedido de 120 unids para o produto 3 atendido com sucesso.
===============================================================================


===============================================================================
[PRODUCT-STOCK] VENDA: Pedido de 139 unids para o produto 4 atendido com sucesso.
===============================================================================


===============================================================================
[PRODUCT-STOCK] VENDA: Pedido de 134 unids para o produto 5 atendido com sucesso.
===============================================================================


===============================================================================
[PRODUCT-STOCK] Enviando atualização de estoque para fábricas: [963, 897, 829, 898, 925]
===============================================================================


===============================================================================
[PRODUCT-STOCK] Recebeu 48 unids do produto 1 da linha 1-1.
===============================================================================


===============================================================================
[PRODUCT-STOCK] Recebeu 48 unids do produto 3 da linha 1-3.
===============================================================================


===============================================================================
[PRODUCT-STOCK] Recebeu 48 unids do produto 2 da linha 1-2.
===============================================================================


===============================================================================
[PRODUCT-STOCK] Recebeu 48 unids do produto 5 da linha 1-5.
===============================================================================


===============================================================================
[PRODUCT-STOCK] Recebeu 48 unids do produto 4 da linha 1-4.
===============================================================================


===============================================================================
[PRODUCT-STOCK] Recebeu 48 unids do produto 2 da linha 2-2.
===============================================================================


===============================================================================
[PRODUCT-STOCK] Recebeu 48 unids do produto 4 da linha 2-4.
===============================================================================


===============================================================================
[PRODUCT-STOCK] Recebeu 48 unids do produto 3 da linha 2-6.
===============================================================================


===============================================================================
[PRODUCT-STOCK] Recebeu 48 unids do produto 1 da linha 2-1.
===============================================================================


===============================================================================
[PRODUCT-STOCK] Recebeu 48 unids do produto 2 da linha 2-7.
===============================================================================


===============================================================================
[PRODUCT-STOCK] Recebeu 48 unids do produto 3 da linha 2-3.
===============================================================================


===============================================================================
[PRODUCT-STOCK] Recebeu 48 unids do produto 5 da linha 2-5.
===============================================================================


===============================================================================
[PRODUCT-STOCK] Recebeu 48 unids do produto 4 da linha 2-8.
===============================================================================


===============================================================================
[PRODUCT-STOCK] --- Dia 19 ---
===============================================================================


===============================================================================
[PRODUCT-STOCK] Simulando pedidos de clientes para o dia...
===============================================================================


===============================================================================
[PRODUCT-STOCK] VENDA: Pedido de 157 unids para o produto 1 atendido com sucesso.
===============================================================================


===============================================================================
[PRODUCT-STOCK] VENDA: Pedido de 126 unids para o produto 2 atendido com sucesso.
===============================================================================


===============================================================================
[PRODUCT-STOCK] VENDA: Pedido de 149 unids para o produto 3 atendido com sucesso.
===============================================================================


===============================================================================
[PRODUCT-STOCK] VENDA: Pedido de 190 unids para o produto 4 atendido com sucesso.
===============================================================================


===============================================================================
[PRODUCT-STOCK] VENDA: Pedido de 211 unids para o produto 5 atendido com sucesso.
===============================================================================


===============================================================================
[PRODUCT-STOCK] Enviando atualização de estoque para fábricas: [902, 915, 824, 852, 810]
===============================================================================


===============================================================================
[PRODUCT-STOCK] Recebeu 48 unids do produto 1 da linha 1-1.
===============================================================================

