
===============================================================================
[WAREHOUSE-MAIN] Conexão com Redis bem-sucedida.
===============================================================================


===============================================================================
[WAREHOUSE] --- Dia 1 ---
===============================================================================


===============================================================================
[WAREHOUSE] Ouvindo o canal 'channel:warehouse'...
===============================================================================


===============================================================================
[WAREHOUSE] !!! MENSAGEM RECEBIDA: {'type': 'subscribe', 'pattern': None, 'channel': 'channel:warehouse', 'data': 1}
===============================================================================


===============================================================================
[WAREHOUSE] !!! MENSAGEM RECEBIDA: {'type': 'message', 'pattern': None, 'channel': 'channel:warehouse', 'data': '6/2/send_parts/1;1;1;1;1;1;1;1;1;1;1;1;1;1;1;1;1;1;1;1;1;1;1;1;1;1;1;1;1;1;1;1;1;1;1;1;1;1;1;1;1;1;1;1;1;1;1;1;1;1;1;1;1;1;1;1;1;1;1;1;1;1;1;1;1;1;1;1;1;1;1;1;1;1;1;1;1;1;1;1;1;1;1;1;1;1;1;1;1;1;1;1;1;1;1;1;1;1;1;1'}
===============================================================================


===============================================================================
[WAREHOUSE] >>> Mensagem identificada como da LINHA.
===============================================================================


===============================================================================
[WAREHOUSE] Nível de estoque: VERDE.
===============================================================================


===============================================================================
[WAREHOUSE] Enviando lote de peças para a linha 2-6.
===============================================================================


===============================================================================
[WAREHOUSE] !!! MENSAGEM RECEBIDA: {'type': 'message', 'pattern': None, 'channel': 'channel:warehouse', 'data': '4/2/send_parts/1;1;1;1;1;1;1;1;1;1;1;1;1;1;1;1;1;1;1;1;1;1;1;1;1;1;1;1;1;1;1;1;1;1;1;1;1;1;1;1;1;1;1;1;1;1;1;1;1;1;1;1;1;1;1;1;1;1;1;1;1;1;1;1;1;1;1;1;1;1;1;1;1;1;1;1;1;1;1;1;1;1;1;1;1;1;1;1;1;1;1;1;1;1;1;1;1;1;1;1'}
===============================================================================


===============================================================================
[WAREHOUSE] >>> Mensagem identificada como da LINHA.
===============================================================================


===============================================================================
[WAREHOUSE] Enviando lote de peças para a linha 2-4.
===============================================================================


===============================================================================
[WAREHOUSE] !!! MENSAGEM RECEBIDA: {'type': 'message', 'pattern': None, 'channel': 'channel:warehouse', 'data': '7/2/send_parts/1;1;1;1;1;1;1;1;1;1;1;1;1;1;1;1;1;1;1;1;1;1;1;1;1;1;1;1;1;1;1;1;1;1;1;1;1;1;1;1;1;1;1;1;1;1;1;1;1;1;1;1;1;1;1;1;1;1;1;1;1;1;1;1;1;1;1;1;1;1;1;1;1;1;1;1;1;1;1;1;1;1;1;1;1;1;1;1;1;1;1;1;1;1;1;1;1;1;1;1'}
===============================================================================


===============================================================================
[WAREHOUSE] >>> Mensagem identificada como da LINHA.
===============================================================================


===============================================================================
[WAREHOUSE] Enviando lote de peças para a linha 2-7.
===============================================================================


===============================================================================
[WAREHOUSE] !!! MENSAGEM RECEBIDA: {'type': 'message', 'pattern': None, 'channel': 'channel:warehouse', 'data': '4/1/send_parts/1;1;1;1;1;1;1;1;1;1;1;1;1;1;1;1;1;1;1;1;1;1;1;1;1;1;1;1;1;1;1;1;1;1;1;1;1;1;1;1;1;1;1;1;1;1;1;1;1;1;1;1;1;1;1;1;1;1;1;1;1;1;1;1;1;1;1;1;1;1;1;1;1;1;1;1;1;1;1;1;1;1;1;1;1;1;1;1;1;1;1;1;1;1;1;1;1;1;1;1'}
===============================================================================


===============================================================================
[WAREHOUSE] >>> Mensagem identificada como da LINHA.
===============================================================================


===============================================================================
[WAREHOUSE] Enviando lote de peças para a linha 1-4.
===============================================================================


===============================================================================
[WAREHOUSE] !!! MENSAGEM RECEBIDA: {'type': 'message', 'pattern': None, 'channel': 'channel:warehouse', 'data': '8/2/send_parts/1;1;1;1;1;1;1;1;1;1;1;1;1;1;1;1;1;1;1;1;1;1;1;1;1;1;1;1;1;1;1;1;1;1;1;1;1;1;1;1;1;1;1;1;1;1;1;1;1;1;1;1;1;1;1;1;1;1;1;1;1;1;1;1;1;1;1;1;1;1;1;1;1;1;1;1;1;1;1;1;1;1;1;1;1;1;1;1;1;1;1;1;1;1;1;1;1;1;1;1'}
===============================================================================


===============================================================================
[WAREHOUSE] >>> Mensagem identificada como da LINHA.
===============================================================================


===============================================================================
[WAREHOUSE] Enviando lote de peças para a linha 2-8.
===============================================================================


===============================================================================
[WAREHOUSE] !!! MENSAGEM RECEBIDA: {'type': 'message', 'pattern': None, 'channel': 'channel:warehouse', 'data': '1/1/send_parts/1;1;1;1;1;1;1;1;1;1;1;1;1;1;1;1;1;1;1;1;1;1;1;1;1;1;1;1;1;1;1;1;1;1;1;1;1;1;1;1;1;1;1;1;1;1;1;1;1;1;1;1;1;1;1;1;1;1;1;1;1;1;1;1;1;1;1;1;1;1;1;1;1;1;1;1;1;1;1;1;1;1;1;1;1;1;1;1;1;1;1;1;1;1;1;1;1;1;1;1'}
===============================================================================


===============================================================================
[WAREHOUSE] >>> Mensagem identificada como da LINHA.
===============================================================================


===============================================================================
[WAREHOUSE] Enviando lote de peças para a linha 1-1.
===============================================================================


===============================================================================
[WAREHOUSE] !!! MENSAGEM RECEBIDA: {'type': 'message', 'pattern': None, 'channel': 'channel:warehouse', 'data': '5/2/send_parts/1;1;1;1;1;1;1;1;1;1;1;1;1;1;1;1;1;1;1;1;1;1;1;1;1;1;1;1;1;1;1;1;1;1;1;1;1;1;1;1;1;1;1;1;1;1;1;1;1;1;1;1;1;1;1;1;1;1;1;1;1;1;1;1;1;1;1;1;1;1;1;1;1;1;1;1;1;1;1;1;1;1;1;1;1;1;1;1;1;1;1;1;1;1;1;1;1;1;1;1'}
===============================================================================


===============================================================================
[WAREHOUSE] >>> Mensagem identificada como da LINHA.
===============================================================================


===============================================================================
[WAREHOUSE] Enviando lote de peças para a linha 2-5.
===============================================================================


===============================================================================
[WAREHOUSE] !!! MENSAGEM RECEBIDA: {'type': 'message', 'pattern': None, 'channel': 'channel:warehouse', 'data': '3/1/send_parts/1;1;1;1;1;1;1;1;1;1;1;1;1;1;1;1;1;1;1;1;1;1;1;1;1;1;1;1;1;1;1;1;1;1;1;1;1;1;1;1;1;1;1;1;1;1;1;1;1;1;1;1;1;1;1;1;1;1;1;1;1;1;1;1;1;1;1;1;1;1;1;1;1;1;1;1;1;1;1;1;1;1;1;1;1;1;1;1;1;1;1;1;1;1;1;1;1;1;1;1'}
===============================================================================


===============================================================================
[WAREHOUSE] >>> Mensagem identificada como da LINHA.
===============================================================================


===============================================================================
[WAREHOUSE] Enviando lote de peças para a linha 1-3.
===============================================================================


===============================================================================
[WAREHOUSE] --- Dia 2 ---
===============================================================================


===============================================================================
[WAREHOUSE] Nível de estoque baixo. Enviando pedido para o Fornecedor.
===============================================================================


===============================================================================
[WAREHOUSE] !!! MENSAGEM RECEBIDA: {'type': 'message', 'pattern': None, 'channel': 'channel:warehouse', 'data': 'receive_parts/93600;93600;93600;93600;93600;93600;93600;93600;93600;93600;93600;93600;93600;93600;93600;93600;93600;93600;93600;93600;93600;93600;93600;93600;93600;93600;93600;93600;93600;93600;93600;93600;93600;93600;93600;93600;93600;93600;93600;93600;93600;93600;93600;93600;93600;93600;93600;93600;93600;93600;93600;93600;93600;93600;93600;93600;93600;93600;93600;93600;93600;93600;93600;93600;93600;93600;93600;93600;93600;93600;93600;93600;93600;93600;93600;93600;93600;93600;93600;93600;93600;93600;93600;93600;93600;93600;93600;93600;93600;93600;93600;93600;93600;93600;93600;93600;93600;93600;93600;93600'}
===============================================================================


===============================================================================
[WAREHOUSE] >>> Mensagem identificada como do FORNECEDOR.
===============================================================================


===============================================================================
[WAREHOUSE] Recebendo lote de peças do fornecedor.
===============================================================================


===============================================================================
[WAREHOUSE] Estoque do almoxarifado reabastecido.
===============================================================================


===============================================================================
[WAREHOUSE] --- Dia 3 ---
===============================================================================


===============================================================================
[WAREHOUSE] Nível de estoque: VERDE.
===============================================================================


===============================================================================
[WAREHOUSE] --- Dia 4 ---
===============================================================================


===============================================================================
[WAREHOUSE] Nível de estoque: VERDE.
===============================================================================


===============================================================================
[WAREHOUSE] --- Dia 5 ---
===============================================================================


===============================================================================
[WAREHOUSE] Nível de estoque: VERDE.
===============================================================================


===============================================================================
[WAREHOUSE] --- Dia 6 ---
===============================================================================


===============================================================================
[WAREHOUSE] Nível de estoque: VERDE.
===============================================================================


===============================================================================
[WAREHOUSE] --- Dia 7 ---
===============================================================================


===============================================================================
[WAREHOUSE] Nível de estoque: VERDE.
===============================================================================


===============================================================================
[WAREHOUSE] --- Dia 8 ---
===============================================================================


===============================================================================
[WAREHOUSE] Nível de estoque: VERDE.
===============================================================================


===============================================================================
[WAREHOUSE] --- Dia 9 ---
===============================================================================


===============================================================================
[WAREHOUSE] Nível de estoque: VERDE.
===============================================================================


===============================================================================
[WAREHOUSE] --- Dia 10 ---
===============================================================================


===============================================================================
[WAREHOUSE] Nível de estoque: VERDE.
===============================================================================


===============================================================================
[WAREHOUSE] --- Dia 11 ---
===============================================================================


===============================================================================
[WAREHOUSE] Nível de estoque: VERDE.
===============================================================================


===============================================================================
[WAREHOUSE] --- Dia 12 ---
===============================================================================


===============================================================================
[WAREHOUSE] Nível de estoque: VERDE.
===============================================================================


===============================================================================
[WAREHOUSE] --- Dia 13 ---
===============================================================================


===============================================================================
[WAREHOUSE] Nível de estoque: VERDE.
===============================================================================


===============================================================================
[WAREHOUSE] --- Dia 14 ---
===============================================================================


===============================================================================
[WAREHOUSE] Nível de estoque: VERDE.
===============================================================================


===============================================================================
[WAREHOUSE] !!! MENSAGEM RECEBIDA: {'type': 'message', 'pattern': None, 'channel': 'channel:warehouse', 'data': '5/2/send_parts/1;1;1;1;1;1;1;1;1;1;1;1;1;1;1;1;1;1;1;1;1;1;1;1;1;1;1;1;1;1;1;1;1;1;1;1;1;1;1;1;1;1;1;0;0;0;0;0;0;1;1;1;0;1;0;0;0;1;1;1;0;0;1;0;1;1;0;1;0;1;1;1;0;1;1;1;1;1;1;1;0;0;1;1;1;0;1;0;0;1;1;0;1;1;1;0;1;1;0;1'}
===============================================================================


===============================================================================
[WAREHOUSE] >>> Mensagem identificada como da LINHA.
===============================================================================


===============================================================================
[WAREHOUSE] Enviando lote de peças para a linha 2-5.
===============================================================================


===============================================================================
[WAREHOUSE] !!! MENSAGEM RECEBIDA: {'type': 'message', 'pattern': None, 'channel': 'channel:warehouse', 'data': '4/2/send_parts/1;1;1;1;1;1;1;1;1;1;1;1;1;1;1;1;1;1;1;1;1;1;1;1;1;1;1;1;1;1;1;1;1;1;1;1;1;1;1;1;1;1;1;0;0;1;1;1;1;0;0;1;0;1;1;1;1;1;1;1;0;0;1;1;1;0;1;0;0;0;0;0;1;1;1;1;0;1;0;1;1;0;0;1;0;0;1;0;0;0;1;1;0;0;0;1;1;0;0;1'}
===============================================================================


===============================================================================
[WAREHOUSE] >>> Mensagem identificada como da LINHA.
===============================================================================


===============================================================================
[WAREHOUSE] Enviando lote de peças para a linha 2-4.
===============================================================================


===============================================================================
[WAREHOUSE] !!! MENSAGEM RECEBIDA: {'type': 'message', 'pattern': None, 'channel': 'channel:warehouse', 'data': '7/2/send_parts/1;1;1;1;1;1;1;1;1;1;1;1;1;1;1;1;1;1;1;1;1;1;1;1;1;1;1;1;1;1;1;1;1;1;1;1;1;1;1;1;1;1;1;0;0;0;0;0;0;0;0;0;0;0;0;0;0;0;0;0;0;0;0;0;1;0;0;0;0;0;0;0;0;1;1;0;0;0;0;0;0;0;0;0;0;0;0;0;0;0;0;0;0;1;0;0;0;0;0;0'}
===============================================================================


===============================================================================
[WAREHOUSE] >>> Mensagem identificada como da LINHA.
===============================================================================


===============================================================================
[WAREHOUSE] Enviando lote de peças para a linha 2-7.
===============================================================================


===============================================================================
[WAREHOUSE] !!! MENSAGEM RECEBIDA: {'type': 'message', 'pattern': None, 'channel': 'channel:warehouse', 'data': '8/2/send_parts/1;1;1;1;1;1;1;1;1;1;1;1;1;1;1;1;1;1;1;1;1;1;1;1;1;1;1;1;1;1;1;1;1;1;1;1;1;1;1;1;1;1;1;0;0;0;0;0;0;0;0;0;0;0;0;0;0;0;0;0;0;0;0;0;1;0;0;0;0;0;0;0;0;1;1;0;0;0;0;0;0;0;0;0;0;0;0;0;0;0;0;0;0;0;0;0;0;0;0;0'}
===============================================================================


===============================================================================
[WAREHOUSE] >>> Mensagem identificada como da LINHA.
===============================================================================


===============================================================================
[WAREHOUSE] Enviando lote de peças para a linha 2-8.
===============================================================================


===============================================================================
[WAREHOUSE] !!! MENSAGEM RECEBIDA: {'type': 'message', 'pattern': None, 'channel': 'channel:warehouse', 'data': '6/2/send_parts/1;1;1;1;1;1;1;1;1;1;1;1;1;1;1;1;1;1;1;1;1;1;1;1;1;1;1;1;1;1;1;1;1;1;1;1;1;1;1;1;1;1;1;0;0;0;0;0;0;0;0;0;0;0;0;0;0;0;1;0;0;0;0;0;1;0;0;0;0;0;0;0;0;1;1;0;0;0;0;1;0;0;0;0;0;0;0;0;0;0;0;0;0;0;0;0;0;0;0;0'}
===============================================================================


===============================================================================
[WAREHOUSE] >>> Mensagem identificada como da LINHA.
===============================================================================


===============================================================================
[WAREHOUSE] Enviando lote de peças para a linha 2-6.
===============================================================================


===============================================================================
[WAREHOUSE] --- Dia 15 ---
===============================================================================


===============================================================================
[WAREHOUSE] Nível de estoque: VERDE.
===============================================================================


===============================================================================
[WAREHOUSE] !!! MENSAGEM RECEBIDA: {'type': 'message', 'pattern': None, 'channel': 'channel:warehouse', 'data': '7/2/send_parts/0;0;0;0;0;0;0;0;0;0;0;0;0;0;0;0;0;0;0;0;0;0;0;0;0;0;0;0;0;0;0;0;0;0;0;0;0;0;0;0;0;0;0;0;0;0;0;0;0;0;0;0;0;0;0;0;0;0;0;0;0;0;0;0;0;0;0;0;0;0;0;0;0;0;0;0;0;0;1;0;0;0;0;0;0;0;0;0;0;0;0;0;1;0;0;0;0;0;0;0'}
===============================================================================


===============================================================================
[WAREHOUSE] >>> Mensagem identificada como da LINHA.
===============================================================================


===============================================================================
[WAREHOUSE] Enviando lote de peças para a linha 2-7.
===============================================================================


===============================================================================
[WAREHOUSE] !!! MENSAGEM RECEBIDA: {'type': 'message', 'pattern': None, 'channel': 'channel:warehouse', 'data': '6/2/send_parts/0;0;0;0;0;0;0;0;0;0;0;0;0;0;0;0;0;0;0;0;0;0;0;0;0;0;0;0;0;0;0;0;0;0;0;0;0;0;0;0;0;0;0;1;0;0;0;0;0;0;0;0;0;0;0;0;0;0;0;0;1;0;0;0;0;1;0;0;0;0;0;0;0;0;0;0;0;0;0;0;0;0;0;0;0;0;0;0;1;0;0;0;0;1;0;0;0;0;0;0'}
===============================================================================


===============================================================================
[WAREHOUSE] >>> Mensagem identificada como da LINHA.
===============================================================================


===============================================================================
[WAREHOUSE] Enviando lote de peças para a linha 2-6.
===============================================================================


===============================================================================
[WAREHOUSE] --- Dia 16 ---
===============================================================================


===============================================================================
[WAREHOUSE] Nível de estoque: VERDE.
===============================================================================


===============================================================================
[WAREHOUSE] !!! MENSAGEM RECEBIDA: {'type': 'message', 'pattern': None, 'channel': 'channel:warehouse', 'data': '8/2/send_parts/0;0;0;0;0;0;0;0;0;0;0;0;0;0;0;0;0;0;0;0;0;0;0;0;0;0;0;0;0;0;0;0;0;0;0;0;0;0;0;0;0;0;0;0;0;0;0;0;0;0;0;0;0;0;0;0;0;0;0;0;0;0;0;0;0;0;0;0;0;0;0;0;0;0;0;0;0;0;1;0;0;0;0;0;0;0;0;0;0;0;0;0;1;1;0;0;0;0;0;0'}
===============================================================================


===============================================================================
[WAREHOUSE] >>> Mensagem identificada como da LINHA.
===============================================================================


===============================================================================
[WAREHOUSE] Enviando lote de peças para a linha 2-8.
===============================================================================


===============================================================================
[WAREHOUSE] --- Dia 17 ---
===============================================================================


===============================================================================
[WAREHOUSE] Nível de estoque: VERDE.
===============================================================================


===============================================================================
[WAREHOUSE] !!! MENSAGEM RECEBIDA: {'type': 'message', 'pattern': None, 'channel': 'channel:warehouse', 'data': '6/2/send_parts/0;0;0;0;0;0;0;0;0;0;0;0;0;0;0;0;0;0;0;0;0;0;0;0;0;0;0;0;0;0;0;0;0;0;0;0;0;0;0;0;0;0;0;0;0;0;1;1;0;0;0;0;0;1;0;0;0;1;0;0;0;0;0;1;0;0;0;0;0;0;0;0;0;0;0;0;0;0;0;0;0;0;0;1;0;0;0;0;0;0;0;1;0;0;0;0;0;0;0;1'}
===============================================================================

